2017-07-19 15:57:20 [org.springframework.web.context.ContextLoader]-[INFO] - Root WebApplicationContext: initialization started
2017-07-19 15:57:20 [org.springframework.web.context.support.XmlWebApplicationContext]-[INFO] - Refreshing Root WebApplicationContext: startup date [Wed Jul 19 15:57:20 CST 2017]; root of context hierarchy
2017-07-19 15:57:20 [org.springframework.beans.factory.xml.XmlBeanDefinitionReader]-[INFO] - Loading XML bean definitions from file [/Users/zhaopan5250/Downloads/zx-quartz-master/target/classes/spring/spring-quartz-activemq.xml]
2017-07-19 15:57:21 [org.springframework.beans.factory.xml.XmlBeanDefinitionReader]-[INFO] - Loading XML bean definitions from file [/Users/zhaopan5250/Downloads/zx-quartz-master/target/classes/spring/spring-quartz-dao.xml]
2017-07-19 15:57:21 [org.springframework.beans.factory.config.PropertyPlaceholderConfigurer]-[INFO] - Loading properties file from file [/Users/zhaopan5250/Downloads/zx-quartz-master/target/classes/runtimecfg/zx-config.properties]
2017-07-19 15:57:21 [com.mchange.v2.log.MLog]-[INFO] - MLog clients using log4j logging.
2017-07-19 15:57:21 [com.mchange.v2.c3p0.C3P0Registry]-[INFO] - Initializing c3p0-0.9.1.1 [built 15-March-2007 01:32:31; debug? true; trace: 10]
2017-07-19 15:57:21 [org.springframework.context.support.DefaultLifecycleProcessor]-[INFO] - Starting beans in phase 2147483647
2017-07-19 16:00:40 [org.springframework.web.context.ContextLoader]-[INFO] - Root WebApplicationContext: initialization started
2017-07-19 16:00:40 [org.springframework.web.context.support.XmlWebApplicationContext]-[INFO] - Refreshing Root WebApplicationContext: startup date [Wed Jul 19 16:00:40 CST 2017]; root of context hierarchy
2017-07-19 16:00:40 [org.springframework.beans.factory.xml.XmlBeanDefinitionReader]-[INFO] - Loading XML bean definitions from file [/Users/zhaopan5250/Downloads/zx-quartz-master/target/classes/spring/spring-quartz-activemq.xml]
2017-07-19 16:00:40 [org.springframework.beans.factory.xml.XmlBeanDefinitionReader]-[INFO] - Loading XML bean definitions from file [/Users/zhaopan5250/Downloads/zx-quartz-master/target/classes/spring/spring-quartz-dao.xml]
2017-07-19 16:00:41 [org.springframework.beans.factory.config.PropertyPlaceholderConfigurer]-[INFO] - Loading properties file from file [/Users/zhaopan5250/Downloads/zx-quartz-master/target/classes/runtimecfg/zx-config.properties]
2017-07-19 16:00:41 [com.mchange.v2.log.MLog]-[INFO] - MLog clients using log4j logging.
2017-07-19 16:00:41 [com.mchange.v2.c3p0.C3P0Registry]-[INFO] - Initializing c3p0-0.9.1.1 [built 15-March-2007 01:32:31; debug? true; trace: 10]
2017-07-19 16:00:41 [org.springframework.context.support.DefaultLifecycleProcessor]-[INFO] - Starting beans in phase 2147483647
2017-07-19 16:24:57 [org.springframework.web.context.ContextLoader]-[INFO] - Root WebApplicationContext: initialization started
2017-07-19 16:24:57 [org.springframework.web.context.support.XmlWebApplicationContext]-[INFO] - Refreshing Root WebApplicationContext: startup date [Wed Jul 19 16:24:57 CST 2017]; root of context hierarchy
2017-07-19 16:24:57 [org.springframework.beans.factory.xml.XmlBeanDefinitionReader]-[INFO] - Loading XML bean definitions from file [/Users/zhaopan5250/Downloads/zx-quartz-master/target/classes/spring/spring-quartz-activemq.xml]
2017-07-19 16:24:58 [org.springframework.beans.factory.xml.XmlBeanDefinitionReader]-[INFO] - Loading XML bean definitions from file [/Users/zhaopan5250/Downloads/zx-quartz-master/target/classes/spring/spring-quartz-dao.xml]
2017-07-19 16:24:58 [org.springframework.beans.factory.config.PropertyPlaceholderConfigurer]-[INFO] - Loading properties file from file [/Users/zhaopan5250/Downloads/zx-quartz-master/target/classes/runtimecfg/zx-config.properties]
2017-07-19 16:24:58 [com.mchange.v2.log.MLog]-[INFO] - MLog clients using log4j logging.
2017-07-19 16:24:58 [com.mchange.v2.c3p0.C3P0Registry]-[INFO] - Initializing c3p0-0.9.1.1 [built 15-March-2007 01:32:31; debug? true; trace: 10]
2017-07-19 16:24:58 [org.springframework.context.support.DefaultLifecycleProcessor]-[INFO] - Starting beans in phase 2147483647
2017-07-19 16:31:23 [org.springframework.web.context.ContextLoader]-[INFO] - Root WebApplicationContext: initialization started
2017-07-19 16:31:23 [org.springframework.web.context.support.XmlWebApplicationContext]-[INFO] - Refreshing Root WebApplicationContext: startup date [Wed Jul 19 16:31:23 CST 2017]; root of context hierarchy
2017-07-19 16:31:23 [org.springframework.beans.factory.xml.XmlBeanDefinitionReader]-[INFO] - Loading XML bean definitions from file [/Users/zhaopan5250/Downloads/apache-tomcat-7.0.78/webapps/zx-quartz/WEB-INF/classes/spring/spring-quartz-activemq.xml]
2017-07-19 16:31:23 [org.springframework.beans.factory.xml.XmlBeanDefinitionReader]-[INFO] - Loading XML bean definitions from file [/Users/zhaopan5250/Downloads/apache-tomcat-7.0.78/webapps/zx-quartz/WEB-INF/classes/spring/spring-quartz-dao.xml]
2017-07-19 16:31:23 [org.springframework.beans.factory.config.PropertyPlaceholderConfigurer]-[INFO] - Loading properties file from file [/Users/zhaopan5250/Downloads/apache-tomcat-7.0.78/webapps/zx-quartz/WEB-INF/classes/runtimecfg/zx-config.properties]
2017-07-19 16:31:23 [com.mchange.v2.log.MLog]-[INFO] - MLog clients using log4j logging.
2017-07-19 16:31:23 [com.mchange.v2.c3p0.C3P0Registry]-[INFO] - Initializing c3p0-0.9.1.1 [built 15-March-2007 01:32:31; debug? true; trace: 10]
2017-07-19 16:31:23 [com.mchange.v2.c3p0.management.ActiveManagementCoordinator]-[WARN] - A C3P0Registry mbean is already registered. This probably means that an application using c3p0 was undeployed, but not all PooledDataSources were closed prior to undeployment. This may lead to resource leaks over time. Please take care to close all PooledDataSources.
2017-07-19 16:31:23 [org.springframework.context.support.DefaultLifecycleProcessor]-[INFO] - Starting beans in phase 2147483647
2017-07-19 16:33:52 [org.springframework.web.context.ContextLoader]-[INFO] - Root WebApplicationContext: initialization started
2017-07-19 16:33:52 [org.springframework.web.context.support.XmlWebApplicationContext]-[INFO] - Refreshing Root WebApplicationContext: startup date [Wed Jul 19 16:33:52 CST 2017]; root of context hierarchy
2017-07-19 16:33:52 [org.springframework.beans.factory.xml.XmlBeanDefinitionReader]-[INFO] - Loading XML bean definitions from file [/Users/zhaopan5250/Downloads/apache-tomcat-7.0.78/webapps/zx-quartz/WEB-INF/classes/spring/spring-quartz-activemq.xml]
2017-07-19 16:33:52 [org.springframework.beans.factory.xml.XmlBeanDefinitionReader]-[INFO] - Loading XML bean definitions from file [/Users/zhaopan5250/Downloads/apache-tomcat-7.0.78/webapps/zx-quartz/WEB-INF/classes/spring/spring-quartz-dao.xml]
2017-07-19 16:33:53 [org.springframework.beans.factory.config.PropertyPlaceholderConfigurer]-[INFO] - Loading properties file from file [/Users/zhaopan5250/Downloads/apache-tomcat-7.0.78/webapps/zx-quartz/WEB-INF/classes/runtimecfg/zx-config.properties]
2017-07-19 16:33:53 [com.mchange.v2.log.MLog]-[INFO] - MLog clients using log4j logging.
2017-07-19 16:33:53 [com.mchange.v2.c3p0.C3P0Registry]-[INFO] - Initializing c3p0-0.9.1.1 [built 15-March-2007 01:32:31; debug? true; trace: 10]
2017-07-19 16:33:53 [com.mchange.v2.c3p0.management.ActiveManagementCoordinator]-[WARN] - A C3P0Registry mbean is already registered. This probably means that an application using c3p0 was undeployed, but not all PooledDataSources were closed prior to undeployment. This may lead to resource leaks over time. Please take care to close all PooledDataSources.
2017-07-19 16:33:53 [org.springframework.context.support.DefaultLifecycleProcessor]-[INFO] - Starting beans in phase 2147483647
2017-07-19 16:34:03 [org.springframework.web.context.ContextLoader]-[INFO] - Root WebApplicationContext: initialization started
2017-07-19 16:34:03 [org.springframework.web.context.support.XmlWebApplicationContext]-[INFO] - Refreshing Root WebApplicationContext: startup date [Wed Jul 19 16:34:03 CST 2017]; root of context hierarchy
2017-07-19 16:34:03 [org.springframework.beans.factory.xml.XmlBeanDefinitionReader]-[INFO] - Loading XML bean definitions from file [/Users/zhaopan5250/Downloads/apache-tomcat-7.0.78/webapps/zx-quartz/WEB-INF/classes/spring/spring-quartz-activemq.xml]
2017-07-19 16:34:03 [org.springframework.beans.factory.xml.XmlBeanDefinitionReader]-[INFO] - Loading XML bean definitions from file [/Users/zhaopan5250/Downloads/apache-tomcat-7.0.78/webapps/zx-quartz/WEB-INF/classes/spring/spring-quartz-dao.xml]
2017-07-19 16:34:03 [org.springframework.beans.factory.config.PropertyPlaceholderConfigurer]-[INFO] - Loading properties file from file [/Users/zhaopan5250/Downloads/apache-tomcat-7.0.78/webapps/zx-quartz/WEB-INF/classes/runtimecfg/zx-config.properties]
2017-07-19 16:34:03 [com.mchange.v2.log.MLog]-[INFO] - MLog clients using log4j logging.
2017-07-19 16:34:03 [com.mchange.v2.c3p0.C3P0Registry]-[INFO] - Initializing c3p0-0.9.1.1 [built 15-March-2007 01:32:31; debug? true; trace: 10]
2017-07-19 16:34:03 [com.mchange.v2.c3p0.management.ActiveManagementCoordinator]-[WARN] - A C3P0Registry mbean is already registered. This probably means that an application using c3p0 was undeployed, but not all PooledDataSources were closed prior to undeployment. This may lead to resource leaks over time. Please take care to close all PooledDataSources.
2017-07-19 16:34:03 [org.springframework.context.support.DefaultLifecycleProcessor]-[INFO] - Starting beans in phase 2147483647
2017-07-19 16:36:20 [org.springframework.web.context.ContextLoader]-[INFO] - Root WebApplicationContext: initialization started
2017-07-19 16:36:20 [org.springframework.web.context.support.XmlWebApplicationContext]-[INFO] - Refreshing Root WebApplicationContext: startup date [Wed Jul 19 16:36:20 CST 2017]; root of context hierarchy
2017-07-19 16:36:20 [org.springframework.beans.factory.xml.XmlBeanDefinitionReader]-[INFO] - Loading XML bean definitions from file [/Users/zhaopan5250/Downloads/apache-tomcat-7.0.78/webapps/zx-quartz/WEB-INF/classes/spring/spring-quartz-activemq.xml]
2017-07-19 16:36:20 [org.springframework.beans.factory.xml.XmlBeanDefinitionReader]-[INFO] - Loading XML bean definitions from file [/Users/zhaopan5250/Downloads/apache-tomcat-7.0.78/webapps/zx-quartz/WEB-INF/classes/spring/spring-quartz-dao.xml]
2017-07-19 16:36:20 [org.springframework.beans.factory.config.PropertyPlaceholderConfigurer]-[INFO] - Loading properties file from file [/Users/zhaopan5250/Downloads/apache-tomcat-7.0.78/webapps/zx-quartz/WEB-INF/classes/runtimecfg/zx-config.properties]
2017-07-19 16:36:20 [com.mchange.v2.log.MLog]-[INFO] - MLog clients using log4j logging.
2017-07-19 16:36:20 [com.mchange.v2.c3p0.C3P0Registry]-[INFO] - Initializing c3p0-0.9.1.1 [built 15-March-2007 01:32:31; debug? true; trace: 10]
2017-07-19 16:36:20 [com.mchange.v2.c3p0.management.ActiveManagementCoordinator]-[WARN] - A C3P0Registry mbean is already registered. This probably means that an application using c3p0 was undeployed, but not all PooledDataSources were closed prior to undeployment. This may lead to resource leaks over time. Please take care to close all PooledDataSources.
2017-07-19 16:36:20 [org.springframework.context.support.DefaultLifecycleProcessor]-[INFO] - Starting beans in phase 2147483647
2017-07-19 16:39:53 [org.springframework.web.context.ContextLoader]-[INFO] - Root WebApplicationContext: initialization started
2017-07-19 16:39:53 [org.springframework.web.context.support.XmlWebApplicationContext]-[INFO] - Refreshing Root WebApplicationContext: startup date [Wed Jul 19 16:39:53 CST 2017]; root of context hierarchy
2017-07-19 16:39:53 [org.springframework.beans.factory.xml.XmlBeanDefinitionReader]-[INFO] - Loading XML bean definitions from file [/Users/zhaopan5250/Downloads/zx-quartz-master/target/classes/spring/spring-quartz-activemq.xml]
2017-07-19 16:39:53 [org.springframework.beans.factory.xml.XmlBeanDefinitionReader]-[INFO] - Loading XML bean definitions from file [/Users/zhaopan5250/Downloads/zx-quartz-master/target/classes/spring/spring-quartz-dao.xml]
2017-07-19 16:39:53 [org.springframework.beans.factory.config.PropertyPlaceholderConfigurer]-[INFO] - Loading properties file from file [/Users/zhaopan5250/Downloads/zx-quartz-master/target/classes/runtimecfg/zx-config.properties]
2017-07-19 16:39:53 [com.mchange.v2.log.MLog]-[INFO] - MLog clients using log4j logging.
2017-07-19 16:39:54 [com.mchange.v2.c3p0.C3P0Registry]-[INFO] - Initializing c3p0-0.9.1.1 [built 15-March-2007 01:32:31; debug? true; trace: 10]
2017-07-19 16:39:54 [org.springframework.context.support.DefaultLifecycleProcessor]-[INFO] - Starting beans in phase 2147483647
2017-07-19 16:44:35 [org.springframework.web.context.ContextLoader]-[INFO] - Root WebApplicationContext: initialization started
2017-07-19 16:44:35 [org.springframework.web.context.support.XmlWebApplicationContext]-[INFO] - Refreshing Root WebApplicationContext: startup date [Wed Jul 19 16:44:35 CST 2017]; root of context hierarchy
2017-07-19 16:44:35 [org.springframework.beans.factory.xml.XmlBeanDefinitionReader]-[INFO] - Loading XML bean definitions from file [/Users/zhaopan5250/Downloads/zx-quartz-master/target/classes/spring/spring-quartz-activemq.xml]
2017-07-19 16:44:35 [org.springframework.beans.factory.xml.XmlBeanDefinitionReader]-[INFO] - Loading XML bean definitions from file [/Users/zhaopan5250/Downloads/zx-quartz-master/target/classes/spring/spring-quartz-dao.xml]
2017-07-19 16:44:36 [org.springframework.beans.factory.config.PropertyPlaceholderConfigurer]-[INFO] - Loading properties file from file [/Users/zhaopan5250/Downloads/zx-quartz-master/target/classes/runtimecfg/zx-config.properties]
2017-07-19 16:44:36 [com.mchange.v2.log.MLog]-[INFO] - MLog clients using log4j logging.
2017-07-19 16:44:36 [com.mchange.v2.c3p0.C3P0Registry]-[INFO] - Initializing c3p0-0.9.1.1 [built 15-March-2007 01:32:31; debug? true; trace: 10]
2017-07-19 16:44:36 [org.springframework.context.support.DefaultLifecycleProcessor]-[INFO] - Starting beans in phase 2147483647
2017-07-19 16:45:59 [org.springframework.web.context.ContextLoader]-[INFO] - Root WebApplicationContext: initialization started
2017-07-19 16:45:59 [org.springframework.web.context.support.XmlWebApplicationContext]-[INFO] - Refreshing Root WebApplicationContext: startup date [Wed Jul 19 16:45:59 CST 2017]; root of context hierarchy
2017-07-19 16:45:59 [org.springframework.beans.factory.xml.XmlBeanDefinitionReader]-[INFO] - Loading XML bean definitions from file [/Users/zhaopan5250/Downloads/apache-tomcat-7.0.78/webapps/zx-quartz/WEB-INF/classes/spring/spring-quartz-activemq.xml]
2017-07-19 16:45:59 [org.springframework.beans.factory.xml.XmlBeanDefinitionReader]-[INFO] - Loading XML bean definitions from file [/Users/zhaopan5250/Downloads/apache-tomcat-7.0.78/webapps/zx-quartz/WEB-INF/classes/spring/spring-quartz-dao.xml]
2017-07-19 16:45:59 [org.springframework.beans.factory.config.PropertyPlaceholderConfigurer]-[INFO] - Loading properties file from file [/Users/zhaopan5250/Downloads/apache-tomcat-7.0.78/webapps/zx-quartz/WEB-INF/classes/runtimecfg/zx-config.properties]
2017-07-19 16:45:59 [com.mchange.v2.log.MLog]-[INFO] - MLog clients using log4j logging.
2017-07-19 16:45:59 [com.mchange.v2.c3p0.C3P0Registry]-[INFO] - Initializing c3p0-0.9.1.1 [built 15-March-2007 01:32:31; debug? true; trace: 10]
2017-07-19 16:45:59 [com.mchange.v2.c3p0.management.ActiveManagementCoordinator]-[WARN] - A C3P0Registry mbean is already registered. This probably means that an application using c3p0 was undeployed, but not all PooledDataSources were closed prior to undeployment. This may lead to resource leaks over time. Please take care to close all PooledDataSources.
2017-07-19 16:46:00 [org.springframework.context.support.DefaultLifecycleProcessor]-[INFO] - Starting beans in phase 2147483647
2017-07-19 16:46:27 [org.springframework.web.context.ContextLoader]-[INFO] - Root WebApplicationContext: initialization started
2017-07-19 16:46:27 [org.springframework.web.context.support.XmlWebApplicationContext]-[INFO] - Refreshing Root WebApplicationContext: startup date [Wed Jul 19 16:46:27 CST 2017]; root of context hierarchy
2017-07-19 16:46:27 [org.springframework.beans.factory.xml.XmlBeanDefinitionReader]-[INFO] - Loading XML bean definitions from file [/Users/zhaopan5250/Downloads/apache-tomcat-7.0.78/webapps/zx-quartz/WEB-INF/classes/spring/spring-quartz-activemq.xml]
2017-07-19 16:46:27 [org.springframework.beans.factory.xml.XmlBeanDefinitionReader]-[INFO] - Loading XML bean definitions from file [/Users/zhaopan5250/Downloads/apache-tomcat-7.0.78/webapps/zx-quartz/WEB-INF/classes/spring/spring-quartz-dao.xml]
2017-07-19 16:46:27 [org.springframework.beans.factory.config.PropertyPlaceholderConfigurer]-[INFO] - Loading properties file from file [/Users/zhaopan5250/Downloads/apache-tomcat-7.0.78/webapps/zx-quartz/WEB-INF/classes/runtimecfg/zx-config.properties]
2017-07-19 16:46:27 [com.mchange.v2.log.MLog]-[INFO] - MLog clients using log4j logging.
2017-07-19 16:46:27 [com.mchange.v2.c3p0.C3P0Registry]-[INFO] - Initializing c3p0-0.9.1.1 [built 15-March-2007 01:32:31; debug? true; trace: 10]
2017-07-19 16:46:27 [com.mchange.v2.c3p0.management.ActiveManagementCoordinator]-[WARN] - A C3P0Registry mbean is already registered. This probably means that an application using c3p0 was undeployed, but not all PooledDataSources were closed prior to undeployment. This may lead to resource leaks over time. Please take care to close all PooledDataSources.
2017-07-19 16:46:28 [org.springframework.context.support.DefaultLifecycleProcessor]-[INFO] - Starting beans in phase 2147483647
2017-07-19 17:43:15 [org.springframework.web.context.ContextLoader]-[INFO] - Root WebApplicationContext: initialization started
2017-07-19 17:43:15 [org.springframework.web.context.support.XmlWebApplicationContext]-[INFO] - Refreshing Root WebApplicationContext: startup date [Wed Jul 19 17:43:15 CST 2017]; root of context hierarchy
2017-07-19 17:43:15 [org.springframework.beans.factory.xml.XmlBeanDefinitionReader]-[INFO] - Loading XML bean definitions from file [/Users/zhaopan5250/Downloads/apache-tomcat-7.0.78/webapps/zx-quartz/WEB-INF/classes/spring/spring-quartz-activemq.xml]
2017-07-19 17:43:15 [org.springframework.beans.factory.xml.XmlBeanDefinitionReader]-[INFO] - Loading XML bean definitions from file [/Users/zhaopan5250/Downloads/apache-tomcat-7.0.78/webapps/zx-quartz/WEB-INF/classes/spring/spring-quartz-dao.xml]
2017-07-19 17:43:16 [org.springframework.beans.factory.config.PropertyPlaceholderConfigurer]-[INFO] - Loading properties file from file [/Users/zhaopan5250/Downloads/apache-tomcat-7.0.78/webapps/zx-quartz/WEB-INF/classes/runtimecfg/zx-config.properties]
2017-07-19 17:43:16 [com.mchange.v2.log.MLog]-[INFO] - MLog clients using log4j logging.
2017-07-19 17:43:16 [com.mchange.v2.c3p0.C3P0Registry]-[INFO] - Initializing c3p0-0.9.1.1 [built 15-March-2007 01:32:31; debug? true; trace: 10]
2017-07-19 17:43:16 [com.mchange.v2.c3p0.management.ActiveManagementCoordinator]-[WARN] - A C3P0Registry mbean is already registered. This probably means that an application using c3p0 was undeployed, but not all PooledDataSources were closed prior to undeployment. This may lead to resource leaks over time. Please take care to close all PooledDataSources.
2017-07-19 17:43:16 [org.springframework.context.support.DefaultLifecycleProcessor]-[INFO] - Starting beans in phase 2147483647
2017-07-19 17:55:20 [org.springframework.web.context.ContextLoader]-[INFO] - Root WebApplicationContext: initialization started
2017-07-19 17:55:20 [org.springframework.web.context.support.XmlWebApplicationContext]-[INFO] - Refreshing Root WebApplicationContext: startup date [Wed Jul 19 17:55:20 CST 2017]; root of context hierarchy
2017-07-19 17:55:20 [org.springframework.beans.factory.xml.XmlBeanDefinitionReader]-[INFO] - Loading XML bean definitions from file [/Users/zhaopan5250/Downloads/apache-tomcat-7.0.78/webapps/zx-quartz/WEB-INF/classes/spring/spring-quartz-activemq.xml]
2017-07-19 17:55:20 [org.springframework.beans.factory.xml.XmlBeanDefinitionReader]-[INFO] - Loading XML bean definitions from file [/Users/zhaopan5250/Downloads/apache-tomcat-7.0.78/webapps/zx-quartz/WEB-INF/classes/spring/spring-quartz-dao.xml]
2017-07-19 17:55:21 [org.springframework.beans.factory.config.PropertyPlaceholderConfigurer]-[INFO] - Loading properties file from file [/Users/zhaopan5250/Downloads/apache-tomcat-7.0.78/webapps/zx-quartz/WEB-INF/classes/runtimecfg/zx-config.properties]
2017-07-19 17:55:21 [com.mchange.v2.log.MLog]-[INFO] - MLog clients using log4j logging.
2017-07-19 17:55:21 [com.mchange.v2.c3p0.C3P0Registry]-[INFO] - Initializing c3p0-0.9.1.1 [built 15-March-2007 01:32:31; debug? true; trace: 10]
2017-07-19 17:55:21 [com.mchange.v2.c3p0.management.ActiveManagementCoordinator]-[WARN] - A C3P0Registry mbean is already registered. This probably means that an application using c3p0 was undeployed, but not all PooledDataSources were closed prior to undeployment. This may lead to resource leaks over time. Please take care to close all PooledDataSources.
2017-07-19 17:55:21 [org.springframework.context.support.DefaultLifecycleProcessor]-[INFO] - Starting beans in phase 2147483647
2017-07-19 17:57:09 [org.springframework.web.context.ContextLoader]-[INFO] - Root WebApplicationContext: initialization started
2017-07-19 17:57:10 [org.springframework.web.context.support.XmlWebApplicationContext]-[INFO] - Refreshing Root WebApplicationContext: startup date [Wed Jul 19 17:57:10 CST 2017]; root of context hierarchy
2017-07-19 17:57:10 [org.springframework.beans.factory.xml.XmlBeanDefinitionReader]-[INFO] - Loading XML bean definitions from file [/Users/zhaopan5250/Downloads/apache-tomcat-7.0.78/webapps/zx-quartz/WEB-INF/classes/spring/spring-quartz-activemq.xml]
2017-07-19 17:57:10 [org.springframework.beans.factory.xml.XmlBeanDefinitionReader]-[INFO] - Loading XML bean definitions from file [/Users/zhaopan5250/Downloads/apache-tomcat-7.0.78/webapps/zx-quartz/WEB-INF/classes/spring/spring-quartz-dao.xml]
2017-07-19 17:57:10 [org.springframework.beans.factory.config.PropertyPlaceholderConfigurer]-[INFO] - Loading properties file from file [/Users/zhaopan5250/Downloads/apache-tomcat-7.0.78/webapps/zx-quartz/WEB-INF/classes/runtimecfg/zx-config.properties]
2017-07-19 17:57:10 [com.mchange.v2.log.MLog]-[INFO] - MLog clients using log4j logging.
2017-07-19 17:57:10 [com.mchange.v2.c3p0.C3P0Registry]-[INFO] - Initializing c3p0-0.9.1.1 [built 15-March-2007 01:32:31; debug? true; trace: 10]
2017-07-19 17:57:10 [com.mchange.v2.c3p0.management.ActiveManagementCoordinator]-[WARN] - A C3P0Registry mbean is already registered. This probably means that an application using c3p0 was undeployed, but not all PooledDataSources were closed prior to undeployment. This may lead to resource leaks over time. Please take care to close all PooledDataSources.
2017-07-19 17:57:10 [org.springframework.context.support.DefaultLifecycleProcessor]-[INFO] - Starting beans in phase 2147483647
2017-07-19 17:57:11 [org.apache.activemq.transport.failover.FailoverTransport]-[INFO] - Successfully connected to tcp://127.0.0.1:61616?wireFormat.maxInactivityDuration=1000
2017-07-19 17:57:11 [org.springframework.web.context.ContextLoader]-[INFO] - Root WebApplicationContext: initialization completed in 1289 ms
2017-07-19 17:57:11 [org.springframework.web.servlet.DispatcherServlet]-[INFO] - FrameworkServlet 'spring': initialization started
2017-07-19 17:57:11 [org.springframework.web.context.support.XmlWebApplicationContext]-[INFO] - Refreshing WebApplicationContext for namespace 'spring-servlet': startup date [Wed Jul 19 17:57:11 CST 2017]; parent: Root WebApplicationContext
2017-07-19 17:57:11 [org.springframework.beans.factory.xml.XmlBeanDefinitionReader]-[INFO] - Loading XML bean definitions from URL [file:/Users/zhaopan5250/Downloads/apache-tomcat-7.0.78/webapps/zx-quartz/WEB-INF/classes/spring/spring-mvc.xml]
2017-07-19 17:57:11 [org.quartz.impl.StdSchedulerFactory]-[INFO] - Using default implementation for ThreadExecutor
2017-07-19 17:57:11 [org.quartz.core.SchedulerSignalerImpl]-[INFO] - Initialized Scheduler Signaller of type: class org.quartz.core.SchedulerSignalerImpl
2017-07-19 17:57:11 [org.quartz.core.QuartzScheduler]-[INFO] - Quartz Scheduler v.2.2.1 created.
2017-07-19 17:57:11 [org.quartz.simpl.RAMJobStore]-[INFO] - RAMJobStore initialized.
2017-07-19 17:57:11 [org.quartz.core.QuartzScheduler]-[INFO] - Scheduler meta-data: Quartz Scheduler (v2.2.1) 'schedulerBean' with instanceId 'NON_CLUSTERED'
  Scheduler class: 'org.quartz.core.QuartzScheduler' - running locally.
  NOT STARTED.
  Currently in standby mode.
  Number of jobs executed: 0
  Using thread pool 'org.quartz.simpl.SimpleThreadPool' - with 10 threads.
  Using job-store 'org.quartz.simpl.RAMJobStore' - which does not support persistence. and is not clustered.

2017-07-19 17:57:11 [org.quartz.impl.StdSchedulerFactory]-[INFO] - Quartz scheduler 'schedulerBean' initialized from an externally provided properties instance.
2017-07-19 17:57:11 [org.quartz.impl.StdSchedulerFactory]-[INFO] - Quartz scheduler version: 2.2.1
2017-07-19 17:57:11 [org.quartz.core.QuartzScheduler]-[INFO] - JobFactory set to: org.springframework.scheduling.quartz.AdaptableJobFactory@322e99fb
2017-07-19 17:57:11 [com.zhongxin.quartz.core.DynamicJobAssembler]-[INFO] - 加载定时任务开始
2017-07-19 17:57:11 [com.mchange.v2.c3p0.impl.AbstractPoolBackedDataSource]-[INFO] - Initializing c3p0 pool... com.mchange.v2.c3p0.ComboPooledDataSource [ acquireIncrement -> 10, acquireRetryAttempts -> 2, acquireRetryDelay -> 1000, autoCommitOnClose -> false, automaticTestTable -> null, breakAfterAcquireFailure -> false, checkoutTimeout -> 0, connectionCustomizerClassName -> null, connectionTesterClassName -> com.mchange.v2.c3p0.impl.DefaultConnectionTester, dataSourceName -> z8kflt9pp1s2z0kpgty3|6b35255a, debugUnreturnedConnectionStackTraces -> false, description -> null, driverClass -> com.mysql.jdbc.Driver, factoryClassLocation -> null, forceIgnoreUnresolvedTransactions -> false, identityToken -> z8kflt9pp1s2z0kpgty3|6b35255a, idleConnectionTestPeriod -> 60, initialPoolSize -> 10, jdbcUrl -> jdbc:mysql://127.0.0.1:3306/admintwo?useUnicode=true&characterEncoding=utf-8, lastAcquisitionFailureDefaultUser -> null, maxAdministrativeTaskTime -> 0, maxConnectionAge -> 0, maxIdleTime -> 1800, maxIdleTimeExcessConnections -> 0, maxPoolSize -> 335, maxStatements -> 0, maxStatementsPerConnection -> 0, minPoolSize -> 5, numHelperThreads -> 3, numThreadsAwaitingCheckoutDefaultUser -> 0, preferredTestQuery -> SELECT 1, properties -> {user=******, password=******}, propertyCycle -> 0, testConnectionOnCheckin -> false, testConnectionOnCheckout -> false, unreturnedConnectionTimeout -> 0, usesTraditionalReflectiveProxies -> false ]
2017-07-19 17:57:12 [org.springframework.beans.factory.xml.XmlBeanDefinitionReader]-[INFO] - Loading XML bean definitions from class path resource [org/springframework/jdbc/support/sql-error-codes.xml]
2017-07-19 17:57:12 [org.springframework.jdbc.support.SQLErrorCodesFactory]-[INFO] - SQLErrorCodes loaded: [DB2, Derby, H2, HSQL, Informix, MS-SQL, MySQL, Oracle, PostgreSQL, Sybase]
2017-07-19 17:57:12 [com.zhongxin.quartz.core.DynamicJobAssembler]-[INFO] - 定时任务加载失败，请手动加载！

2017-07-19 17:57:12 [com.zhongxin.quartz.core.DynamicJobAssembler]-[INFO] - 定时任务加载异常:
org.springframework.jdbc.BadSqlGrammarException: 
### Error querying database.  Cause: com.mysql.jdbc.exceptions.jdbc4.MySQLSyntaxErrorException: Table 'admintwo.quartz_task_informations' doesn't exist
### The error may exist in file [/Users/zhaopan5250/Downloads/apache-tomcat-7.0.78/webapps/zx-quartz/WEB-INF/classes/mybatis/mapper/TaskInformationsMapper.xml]
### The error may involve defaultParameterMap
### The error occurred while setting parameters
### SQL: select       id,    version,taskNo,taskName,schedulerRule,frozenStatus,executorNo,sendType,frozenTime,unfrozenTime,   createTime,lastModifyTime,url,executeParamter,timeKey        from       quartz_task_informations      where       frozenStatus = 'UNFROZEN'
### Cause: com.mysql.jdbc.exceptions.jdbc4.MySQLSyntaxErrorException: Table 'admintwo.quartz_task_informations' doesn't exist
; bad SQL grammar []; nested exception is com.mysql.jdbc.exceptions.jdbc4.MySQLSyntaxErrorException: Table 'admintwo.quartz_task_informations' doesn't exist
	at org.springframework.jdbc.support.SQLErrorCodeSQLExceptionTranslator.doTranslate(SQLErrorCodeSQLExceptionTranslator.java:231)
	at org.springframework.jdbc.support.AbstractFallbackSQLExceptionTranslator.translate(AbstractFallbackSQLExceptionTranslator.java:73)
	at org.mybatis.spring.MyBatisExceptionTranslator.translateExceptionIfPossible(MyBatisExceptionTranslator.java:73)
	at org.mybatis.spring.SqlSessionTemplate$SqlSessionInterceptor.invoke(SqlSessionTemplate.java:371)
	at com.sun.proxy.$Proxy23.selectList(Unknown Source)
	at org.mybatis.spring.SqlSessionTemplate.selectList(SqlSessionTemplate.java:191)
	at com.zhongxin.quartz.dao.impl.TaskInformationsDaoImpl.getTaskList(TaskInformationsDaoImpl.java:23)
	at com.zhongxin.quartz.service.impl.QuartzServiceImpl.initScheduler(QuartzServiceImpl.java:59)
	at com.zhongxin.quartz.core.DynamicJobAssembler.init(DynamicJobAssembler.java:23)
	at sun.reflect.NativeMethodAccessorImpl.invoke0(Native Method)
	at sun.reflect.NativeMethodAccessorImpl.invoke(NativeMethodAccessorImpl.java:57)
	at sun.reflect.DelegatingMethodAccessorImpl.invoke(DelegatingMethodAccessorImpl.java:43)
	at java.lang.reflect.Method.invoke(Method.java:606)
	at org.springframework.beans.factory.annotation.InitDestroyAnnotationBeanPostProcessor$LifecycleElement.invoke(InitDestroyAnnotationBeanPostProcessor.java:349)
	at org.springframework.beans.factory.annotation.InitDestroyAnnotationBeanPostProcessor$LifecycleMetadata.invokeInitMethods(InitDestroyAnnotationBeanPostProcessor.java:300)
	at org.springframework.beans.factory.annotation.InitDestroyAnnotationBeanPostProcessor.postProcessBeforeInitialization(InitDestroyAnnotationBeanPostProcessor.java:133)
	at org.springframework.beans.factory.support.AbstractAutowireCapableBeanFactory.applyBeanPostProcessorsBeforeInitialization(AbstractAutowireCapableBeanFactory.java:407)
	at org.springframework.beans.factory.support.AbstractAutowireCapableBeanFactory.initializeBean(AbstractAutowireCapableBeanFactory.java:1545)
	at org.springframework.beans.factory.support.AbstractAutowireCapableBeanFactory.doCreateBean(AbstractAutowireCapableBeanFactory.java:539)
	at org.springframework.beans.factory.support.AbstractAutowireCapableBeanFactory.createBean(AbstractAutowireCapableBeanFactory.java:475)
	at org.springframework.beans.factory.support.AbstractBeanFactory$1.getObject(AbstractBeanFactory.java:302)
	at org.springframework.beans.factory.support.DefaultSingletonBeanRegistry.getSingleton(DefaultSingletonBeanRegistry.java:228)
	at org.springframework.beans.factory.support.AbstractBeanFactory.doGetBean(AbstractBeanFactory.java:298)
	at org.springframework.beans.factory.support.AbstractBeanFactory.getBean(AbstractBeanFactory.java:193)
	at org.springframework.beans.factory.support.DefaultListableBeanFactory.preInstantiateSingletons(DefaultListableBeanFactory.java:703)
	at org.springframework.context.support.AbstractApplicationContext.finishBeanFactoryInitialization(AbstractApplicationContext.java:760)
	at org.springframework.context.support.AbstractApplicationContext.refresh(AbstractApplicationContext.java:482)
	at org.springframework.web.servlet.FrameworkServlet.configureAndRefreshWebApplicationContext(FrameworkServlet.java:658)
	at org.springframework.web.servlet.FrameworkServlet.createWebApplicationContext(FrameworkServlet.java:624)
	at org.springframework.web.servlet.FrameworkServlet.createWebApplicationContext(FrameworkServlet.java:672)
	at org.springframework.web.servlet.FrameworkServlet.initWebApplicationContext(FrameworkServlet.java:543)
	at org.springframework.web.servlet.FrameworkServlet.initServletBean(FrameworkServlet.java:484)
	at org.springframework.web.servlet.HttpServletBean.init(HttpServletBean.java:136)
	at javax.servlet.GenericServlet.init(GenericServlet.java:158)
	at org.apache.catalina.core.StandardWrapper.initServlet(StandardWrapper.java:1269)
	at org.apache.catalina.core.StandardWrapper.loadServlet(StandardWrapper.java:1182)
	at org.apache.catalina.core.StandardWrapper.load(StandardWrapper.java:1072)
	at org.apache.catalina.core.StandardContext.loadOnStartup(StandardContext.java:5368)
	at org.apache.catalina.core.StandardContext.startInternal(StandardContext.java:5660)
	at org.apache.catalina.util.LifecycleBase.start(LifecycleBase.java:145)
	at org.apache.catalina.core.ContainerBase.addChildInternal(ContainerBase.java:899)
	at org.apache.catalina.core.ContainerBase.addChild(ContainerBase.java:875)
	at org.apache.catalina.core.StandardHost.addChild(StandardHost.java:652)
	at org.apache.catalina.startup.HostConfig.deployWAR(HostConfig.java:1092)
	at org.apache.catalina.startup.HostConfig$DeployWar.run(HostConfig.java:1984)
	at java.util.concurrent.Executors$RunnableAdapter.call(Executors.java:471)
	at java.util.concurrent.FutureTask.run(FutureTask.java:262)
	at java.util.concurrent.ThreadPoolExecutor.runWorker(ThreadPoolExecutor.java:1145)
	at java.util.concurrent.ThreadPoolExecutor$Worker.run(ThreadPoolExecutor.java:615)
	at java.lang.Thread.run(Thread.java:745)
Caused by: com.mysql.jdbc.exceptions.jdbc4.MySQLSyntaxErrorException: Table 'admintwo.quartz_task_informations' doesn't exist
	at sun.reflect.NativeConstructorAccessorImpl.newInstance0(Native Method)
	at sun.reflect.NativeConstructorAccessorImpl.newInstance(NativeConstructorAccessorImpl.java:57)
	at sun.reflect.DelegatingConstructorAccessorImpl.newInstance(DelegatingConstructorAccessorImpl.java:45)
	at java.lang.reflect.Constructor.newInstance(Constructor.java:526)
	at com.mysql.jdbc.Util.handleNewInstance(Util.java:377)
	at com.mysql.jdbc.Util.getInstance(Util.java:360)
	at com.mysql.jdbc.SQLError.createSQLException(SQLError.java:978)
	at com.mysql.jdbc.MysqlIO.checkErrorPacket(MysqlIO.java:3887)
	at com.mysql.jdbc.MysqlIO.checkErrorPacket(MysqlIO.java:3823)
	at com.mysql.jdbc.MysqlIO.sendCommand(MysqlIO.java:2435)
	at com.mysql.jdbc.MysqlIO.sqlQueryDirect(MysqlIO.java:2582)
	at com.mysql.jdbc.ConnectionImpl.execSQL(ConnectionImpl.java:2530)
	at com.mysql.jdbc.PreparedStatement.executeInternal(PreparedStatement.java:1907)
	at com.mysql.jdbc.PreparedStatement.execute(PreparedStatement.java:1199)
	at com.mchange.v2.c3p0.impl.NewProxyPreparedStatement.execute(NewProxyPreparedStatement.java:989)
	at org.apache.ibatis.executor.statement.PreparedStatementHandler.query(PreparedStatementHandler.java:59)
	at org.apache.ibatis.executor.statement.RoutingStatementHandler.query(RoutingStatementHandler.java:73)
	at org.apache.ibatis.executor.ReuseExecutor.doQuery(ReuseExecutor.java:57)
	at org.apache.ibatis.executor.BaseExecutor.queryFromDatabase(BaseExecutor.java:267)
	at org.apache.ibatis.executor.BaseExecutor.query(BaseExecutor.java:137)
	at org.apache.ibatis.executor.BaseExecutor.query(BaseExecutor.java:120)
	at org.apache.ibatis.session.defaults.DefaultSqlSession.selectList(DefaultSqlSession.java:108)
	at org.apache.ibatis.session.defaults.DefaultSqlSession.selectList(DefaultSqlSession.java:102)
	at org.apache.ibatis.session.defaults.DefaultSqlSession.selectList(DefaultSqlSession.java:98)
	at sun.reflect.NativeMethodAccessorImpl.invoke0(Native Method)
	at sun.reflect.NativeMethodAccessorImpl.invoke(NativeMethodAccessorImpl.java:57)
	at sun.reflect.DelegatingMethodAccessorImpl.invoke(DelegatingMethodAccessorImpl.java:43)
	at java.lang.reflect.Method.invoke(Method.java:606)
	at org.mybatis.spring.SqlSessionTemplate$SqlSessionInterceptor.invoke(SqlSessionTemplate.java:358)
	... 46 more
2017-07-19 17:57:12 [com.zhongxin.quartz.core.DynamicJobAssembler]-[INFO] - 定时任务加载完成
2017-07-19 17:57:12 [org.springframework.web.servlet.handler.SimpleUrlHandlerMapping]-[INFO] - Mapped URL path [/**] onto handler 'org.springframework.web.servlet.resource.DefaultServletHttpRequestHandler#0'
2017-07-19 17:57:12 [org.springframework.web.servlet.mvc.method.annotation.RequestMappingHandlerMapping]-[INFO] - Mapped "{[/scheduler/resumeScheduler/{jobKey}],methods=[],params=[],headers=[],consumes=[],produces=[],custom=[]}" onto public java.lang.String com.zhongxin.quartz.controller.SchedulerController.resumeScheduler(java.lang.String)
2017-07-19 17:57:12 [org.springframework.web.servlet.mvc.method.annotation.RequestMappingHandlerMapping]-[INFO] - Mapped "{[/scheduler/addScheduler/{jobKey}],methods=[],params=[],headers=[],consumes=[],produces=[],custom=[]}" onto public java.lang.String com.zhongxin.quartz.controller.SchedulerController.addScheduler(java.lang.String)
2017-07-19 17:57:12 [org.springframework.web.servlet.mvc.method.annotation.RequestMappingHandlerMapping]-[INFO] - Mapped "{[/scheduler/delScheduler/{jobKey}],methods=[],params=[],headers=[],consumes=[],produces=[],custom=[]}" onto public java.lang.String com.zhongxin.quartz.controller.SchedulerController.delScheduler(java.lang.String)
2017-07-19 17:57:12 [org.springframework.web.servlet.mvc.method.annotation.RequestMappingHandlerMapping]-[INFO] - Mapped "{[/scheduler/resumeSchedulerAll],methods=[],params=[],headers=[],consumes=[],produces=[],custom=[]}" onto public java.lang.String com.zhongxin.quartz.controller.SchedulerController.resumeSchedulerAll()
2017-07-19 17:57:12 [org.springframework.web.servlet.mvc.method.annotation.RequestMappingHandlerMapping]-[INFO] - Mapped "{[/scheduler/testUrl],methods=[],params=[],headers=[],consumes=[],produces=[],custom=[]}" onto public java.lang.String com.zhongxin.quartz.controller.SchedulerController.testUrl(javax.servlet.http.HttpServletRequest)
2017-07-19 17:57:12 [org.springframework.web.servlet.mvc.method.annotation.RequestMappingHandlerMapping]-[INFO] - Mapped "{[/scheduler/list/{currentPage}],methods=[],params=[],headers=[],consumes=[],produces=[],custom=[]}" onto public org.springframework.web.servlet.ModelAndView com.zhongxin.quartz.controller.SchedulerController.getTaskInformationsList(int)
2017-07-19 17:57:12 [org.springframework.web.servlet.mvc.method.annotation.RequestMappingHandlerMapping]-[INFO] - Mapped "{[/scheduler/detail/{taskNo}],methods=[],params=[],headers=[],consumes=[],produces=[],custom=[]}" onto public org.springframework.web.servlet.ModelAndView com.zhongxin.quartz.controller.SchedulerController.getTaskDetail(java.lang.String)
2017-07-19 17:57:12 [org.springframework.web.servlet.mvc.method.annotation.RequestMappingHandlerMapping]-[INFO] - Mapped "{[/scheduler/taskEditPage/{id}],methods=[],params=[],headers=[],consumes=[],produces=[],custom=[]}" onto public org.springframework.web.servlet.ModelAndView com.zhongxin.quartz.controller.SchedulerController.taskEditPage(long)
2017-07-19 17:57:12 [org.springframework.web.servlet.mvc.method.annotation.RequestMappingHandlerMapping]-[INFO] - Mapped "{[/scheduler/edit],methods=[],params=[],headers=[],consumes=[],produces=[],custom=[]}" onto public java.lang.String com.zhongxin.quartz.controller.SchedulerController.editTaskInfo(com.zhongxin.quartz.entity.TaskInformationsEntity)
2017-07-19 17:57:12 [org.springframework.web.servlet.mvc.method.annotation.RequestMappingHandlerMapping]-[INFO] - Mapped "{[/scheduler/executeOnce/{taskNo}],methods=[],params=[],headers=[],consumes=[],produces=[],custom=[]}" onto public java.lang.String com.zhongxin.quartz.controller.SchedulerController.executeOnce(java.lang.String)
2017-07-19 17:57:12 [org.springframework.web.servlet.mvc.method.annotation.RequestMappingHandlerMapping]-[INFO] - Mapped "{[/scheduler/checkTaskNo/{taskNo}],methods=[],params=[],headers=[],consumes=[],produces=[],custom=[]}" onto public java.lang.String com.zhongxin.quartz.controller.SchedulerController.checkTaskNo(java.lang.String)
2017-07-19 17:57:12 [org.springframework.web.servlet.mvc.method.annotation.RequestMappingHandlerMapping]-[INFO] - Mapped "{[/taskErrors/getErrors/{recordId}],methods=[],params=[],headers=[],consumes=[],produces=[],custom=[]}" onto public org.springframework.web.servlet.ModelAndView com.zhongxin.quartz.controller.TaskErrorsController.getErrors(java.lang.String)
2017-07-19 17:57:12 [org.springframework.web.servlet.mvc.method.annotation.RequestMappingHandlerMapping]-[INFO] - Mapped "{[/taskRecords/getTaskRecordsListByTaskNo/{taskNo}/{currentPage}/{status}],methods=[],params=[],headers=[],consumes=[],produces=[],custom=[]}" onto public org.springframework.web.servlet.ModelAndView com.zhongxin.quartz.controller.TaskRecordsController.getTaskRecordsListByTaskNo(java.lang.String,int,java.lang.String)
2017-07-19 17:57:12 [org.springframework.context.support.DefaultLifecycleProcessor]-[INFO] - Starting beans in phase 2147483647
2017-07-19 17:57:12 [org.springframework.scheduling.quartz.SchedulerFactoryBean]-[INFO] - Starting Quartz Scheduler now
2017-07-19 17:57:12 [org.quartz.core.QuartzScheduler]-[INFO] - Scheduler schedulerBean_$_NON_CLUSTERED started.
2017-07-19 17:57:12 [org.springframework.web.servlet.DispatcherServlet]-[INFO] - FrameworkServlet 'spring': initialization completed in 1584 ms
2017-07-19 17:58:34 [org.springframework.web.context.support.XmlWebApplicationContext]-[INFO] - Closing WebApplicationContext for namespace 'spring-servlet': startup date [Wed Jul 19 17:57:11 CST 2017]; parent: Root WebApplicationContext
2017-07-19 17:58:34 [org.springframework.context.support.DefaultLifecycleProcessor]-[INFO] - Stopping beans in phase 2147483647
2017-07-19 17:58:34 [org.quartz.core.QuartzScheduler]-[INFO] - Scheduler schedulerBean_$_NON_CLUSTERED paused.
2017-07-19 17:58:34 [org.springframework.scheduling.quartz.SchedulerFactoryBean]-[INFO] - Shutting down Quartz Scheduler
2017-07-19 17:58:34 [org.quartz.core.QuartzScheduler]-[INFO] - Scheduler schedulerBean_$_NON_CLUSTERED shutting down.
2017-07-19 17:58:34 [org.quartz.core.QuartzScheduler]-[INFO] - Scheduler schedulerBean_$_NON_CLUSTERED paused.
2017-07-19 17:58:34 [org.quartz.core.QuartzScheduler]-[INFO] - Scheduler schedulerBean_$_NON_CLUSTERED shutdown complete.
2017-07-19 17:58:34 [org.springframework.web.context.support.XmlWebApplicationContext]-[INFO] - Closing Root WebApplicationContext: startup date [Wed Jul 19 17:57:10 CST 2017]; root of context hierarchy
2017-07-19 17:58:34 [org.springframework.context.support.DefaultLifecycleProcessor]-[INFO] - Stopping beans in phase 2147483647
2017-07-19 17:58:34 [org.springframework.beans.factory.support.DisposableBeanAdapter]-[WARN] - Invocation of destroy method 'close' failed on bean with name 'sqlSessionTemplate': java.lang.UnsupportedOperationException: Manual close is not allowed over a Spring managed SqlSession
2017-07-19 17:58:35 [org.springframework.web.context.ContextLoader]-[INFO] - Root WebApplicationContext: initialization started
2017-07-19 17:58:35 [org.springframework.web.context.support.XmlWebApplicationContext]-[INFO] - Refreshing Root WebApplicationContext: startup date [Wed Jul 19 17:58:35 CST 2017]; root of context hierarchy
2017-07-19 17:58:35 [org.springframework.beans.factory.xml.XmlBeanDefinitionReader]-[INFO] - Loading XML bean definitions from file [/Users/zhaopan5250/Downloads/apache-tomcat-7.0.78/webapps/zx-quartz/WEB-INF/classes/spring/spring-quartz-activemq.xml]
2017-07-19 17:58:35 [org.springframework.beans.factory.xml.XmlBeanDefinitionReader]-[INFO] - Loading XML bean definitions from file [/Users/zhaopan5250/Downloads/apache-tomcat-7.0.78/webapps/zx-quartz/WEB-INF/classes/spring/spring-quartz-dao.xml]
2017-07-19 17:58:35 [org.springframework.beans.factory.config.PropertyPlaceholderConfigurer]-[INFO] - Loading properties file from file [/Users/zhaopan5250/Downloads/apache-tomcat-7.0.78/webapps/zx-quartz/WEB-INF/classes/runtimecfg/zx-config.properties]
2017-07-19 17:58:35 [com.mchange.v2.log.MLog]-[INFO] - MLog clients using log4j logging.
2017-07-19 17:58:35 [com.mchange.v2.c3p0.C3P0Registry]-[INFO] - Initializing c3p0-0.9.1.1 [built 15-March-2007 01:32:31; debug? true; trace: 10]
2017-07-19 17:58:35 [com.mchange.v2.c3p0.management.ActiveManagementCoordinator]-[WARN] - A C3P0Registry mbean is already registered. This probably means that an application using c3p0 was undeployed, but not all PooledDataSources were closed prior to undeployment. This may lead to resource leaks over time. Please take care to close all PooledDataSources.
2017-07-19 17:58:36 [org.springframework.context.support.DefaultLifecycleProcessor]-[INFO] - Starting beans in phase 2147483647
2017-07-19 17:58:36 [org.apache.activemq.transport.failover.FailoverTransport]-[INFO] - Successfully connected to tcp://127.0.0.1:61616?wireFormat.maxInactivityDuration=1000
2017-07-19 17:58:36 [org.springframework.web.context.ContextLoader]-[INFO] - Root WebApplicationContext: initialization completed in 712 ms
2017-07-19 17:58:36 [org.springframework.web.servlet.DispatcherServlet]-[INFO] - FrameworkServlet 'spring': initialization started
2017-07-19 17:58:36 [org.springframework.web.context.support.XmlWebApplicationContext]-[INFO] - Refreshing WebApplicationContext for namespace 'spring-servlet': startup date [Wed Jul 19 17:58:36 CST 2017]; parent: Root WebApplicationContext
2017-07-19 17:58:36 [org.springframework.beans.factory.xml.XmlBeanDefinitionReader]-[INFO] - Loading XML bean definitions from URL [file:/Users/zhaopan5250/Downloads/apache-tomcat-7.0.78/webapps/zx-quartz/WEB-INF/classes/spring/spring-mvc.xml]
2017-07-19 17:58:36 [org.quartz.impl.StdSchedulerFactory]-[INFO] - Using default implementation for ThreadExecutor
2017-07-19 17:58:36 [org.quartz.core.SchedulerSignalerImpl]-[INFO] - Initialized Scheduler Signaller of type: class org.quartz.core.SchedulerSignalerImpl
2017-07-19 17:58:36 [org.quartz.core.QuartzScheduler]-[INFO] - Quartz Scheduler v.2.2.1 created.
2017-07-19 17:58:36 [org.quartz.simpl.RAMJobStore]-[INFO] - RAMJobStore initialized.
2017-07-19 17:58:36 [org.quartz.core.QuartzScheduler]-[INFO] - Scheduler meta-data: Quartz Scheduler (v2.2.1) 'schedulerBean' with instanceId 'NON_CLUSTERED'
  Scheduler class: 'org.quartz.core.QuartzScheduler' - running locally.
  NOT STARTED.
  Currently in standby mode.
  Number of jobs executed: 0
  Using thread pool 'org.quartz.simpl.SimpleThreadPool' - with 10 threads.
  Using job-store 'org.quartz.simpl.RAMJobStore' - which does not support persistence. and is not clustered.

2017-07-19 17:58:36 [org.quartz.impl.StdSchedulerFactory]-[INFO] - Quartz scheduler 'schedulerBean' initialized from an externally provided properties instance.
2017-07-19 17:58:36 [org.quartz.impl.StdSchedulerFactory]-[INFO] - Quartz scheduler version: 2.2.1
2017-07-19 17:58:36 [org.quartz.core.QuartzScheduler]-[INFO] - JobFactory set to: org.springframework.scheduling.quartz.AdaptableJobFactory@107f820f
2017-07-19 17:58:36 [com.zhongxin.quartz.core.DynamicJobAssembler]-[INFO] - 加载定时任务开始
2017-07-19 17:58:36 [com.mchange.v2.c3p0.impl.AbstractPoolBackedDataSource]-[INFO] - Initializing c3p0 pool... com.mchange.v2.c3p0.ComboPooledDataSource [ acquireIncrement -> 10, acquireRetryAttempts -> 2, acquireRetryDelay -> 1000, autoCommitOnClose -> false, automaticTestTable -> null, breakAfterAcquireFailure -> false, checkoutTimeout -> 0, connectionCustomizerClassName -> null, connectionTesterClassName -> com.mchange.v2.c3p0.impl.DefaultConnectionTester, dataSourceName -> z8kflt9pp1twt31ur26n1|520ccf14, debugUnreturnedConnectionStackTraces -> false, description -> null, driverClass -> com.mysql.jdbc.Driver, factoryClassLocation -> null, forceIgnoreUnresolvedTransactions -> false, identityToken -> z8kflt9pp1twt31ur26n1|520ccf14, idleConnectionTestPeriod -> 60, initialPoolSize -> 10, jdbcUrl -> jdbc:mysql://127.0.0.1:3306/admintwo?useUnicode=true&characterEncoding=utf-8, lastAcquisitionFailureDefaultUser -> null, maxAdministrativeTaskTime -> 0, maxConnectionAge -> 0, maxIdleTime -> 1800, maxIdleTimeExcessConnections -> 0, maxPoolSize -> 335, maxStatements -> 0, maxStatementsPerConnection -> 0, minPoolSize -> 5, numHelperThreads -> 3, numThreadsAwaitingCheckoutDefaultUser -> 0, preferredTestQuery -> SELECT 1, properties -> {user=******, password=******}, propertyCycle -> 0, testConnectionOnCheckin -> false, testConnectionOnCheckout -> false, unreturnedConnectionTimeout -> 0, usesTraditionalReflectiveProxies -> false ]
2017-07-19 17:58:36 [org.springframework.beans.factory.xml.XmlBeanDefinitionReader]-[INFO] - Loading XML bean definitions from class path resource [org/springframework/jdbc/support/sql-error-codes.xml]
2017-07-19 17:58:36 [org.springframework.jdbc.support.SQLErrorCodesFactory]-[INFO] - SQLErrorCodes loaded: [DB2, Derby, H2, HSQL, Informix, MS-SQL, MySQL, Oracle, PostgreSQL, Sybase]
2017-07-19 17:58:36 [com.zhongxin.quartz.core.DynamicJobAssembler]-[INFO] - 定时任务加载失败，请手动加载！

2017-07-19 17:58:36 [com.zhongxin.quartz.core.DynamicJobAssembler]-[INFO] - 定时任务加载异常:
org.springframework.jdbc.BadSqlGrammarException: 
### Error querying database.  Cause: com.mysql.jdbc.exceptions.jdbc4.MySQLSyntaxErrorException: Table 'admintwo.quartz_task_informations' doesn't exist
### The error may exist in file [/Users/zhaopan5250/Downloads/apache-tomcat-7.0.78/webapps/zx-quartz/WEB-INF/classes/mybatis/mapper/TaskInformationsMapper.xml]
### The error may involve defaultParameterMap
### The error occurred while setting parameters
### SQL: select       id,    version,taskNo,taskName,schedulerRule,frozenStatus,executorNo,sendType,frozenTime,unfrozenTime,   createTime,lastModifyTime,url,executeParamter,timeKey        from       quartz_task_informations      where       frozenStatus = 'UNFROZEN'
### Cause: com.mysql.jdbc.exceptions.jdbc4.MySQLSyntaxErrorException: Table 'admintwo.quartz_task_informations' doesn't exist
; bad SQL grammar []; nested exception is com.mysql.jdbc.exceptions.jdbc4.MySQLSyntaxErrorException: Table 'admintwo.quartz_task_informations' doesn't exist
	at org.springframework.jdbc.support.SQLErrorCodeSQLExceptionTranslator.doTranslate(SQLErrorCodeSQLExceptionTranslator.java:231)
	at org.springframework.jdbc.support.AbstractFallbackSQLExceptionTranslator.translate(AbstractFallbackSQLExceptionTranslator.java:73)
	at org.mybatis.spring.MyBatisExceptionTranslator.translateExceptionIfPossible(MyBatisExceptionTranslator.java:73)
	at org.mybatis.spring.SqlSessionTemplate$SqlSessionInterceptor.invoke(SqlSessionTemplate.java:371)
	at com.sun.proxy.$Proxy37.selectList(Unknown Source)
	at org.mybatis.spring.SqlSessionTemplate.selectList(SqlSessionTemplate.java:191)
	at com.zhongxin.quartz.dao.impl.TaskInformationsDaoImpl.getTaskList(TaskInformationsDaoImpl.java:23)
	at com.zhongxin.quartz.service.impl.QuartzServiceImpl.initScheduler(QuartzServiceImpl.java:59)
	at com.zhongxin.quartz.core.DynamicJobAssembler.init(DynamicJobAssembler.java:23)
	at sun.reflect.NativeMethodAccessorImpl.invoke0(Native Method)
	at sun.reflect.NativeMethodAccessorImpl.invoke(NativeMethodAccessorImpl.java:57)
	at sun.reflect.DelegatingMethodAccessorImpl.invoke(DelegatingMethodAccessorImpl.java:43)
	at java.lang.reflect.Method.invoke(Method.java:606)
	at org.springframework.beans.factory.annotation.InitDestroyAnnotationBeanPostProcessor$LifecycleElement.invoke(InitDestroyAnnotationBeanPostProcessor.java:349)
	at org.springframework.beans.factory.annotation.InitDestroyAnnotationBeanPostProcessor$LifecycleMetadata.invokeInitMethods(InitDestroyAnnotationBeanPostProcessor.java:300)
	at org.springframework.beans.factory.annotation.InitDestroyAnnotationBeanPostProcessor.postProcessBeforeInitialization(InitDestroyAnnotationBeanPostProcessor.java:133)
	at org.springframework.beans.factory.support.AbstractAutowireCapableBeanFactory.applyBeanPostProcessorsBeforeInitialization(AbstractAutowireCapableBeanFactory.java:407)
	at org.springframework.beans.factory.support.AbstractAutowireCapableBeanFactory.initializeBean(AbstractAutowireCapableBeanFactory.java:1545)
	at org.springframework.beans.factory.support.AbstractAutowireCapableBeanFactory.doCreateBean(AbstractAutowireCapableBeanFactory.java:539)
	at org.springframework.beans.factory.support.AbstractAutowireCapableBeanFactory.createBean(AbstractAutowireCapableBeanFactory.java:475)
	at org.springframework.beans.factory.support.AbstractBeanFactory$1.getObject(AbstractBeanFactory.java:302)
	at org.springframework.beans.factory.support.DefaultSingletonBeanRegistry.getSingleton(DefaultSingletonBeanRegistry.java:228)
	at org.springframework.beans.factory.support.AbstractBeanFactory.doGetBean(AbstractBeanFactory.java:298)
	at org.springframework.beans.factory.support.AbstractBeanFactory.getBean(AbstractBeanFactory.java:193)
	at org.springframework.beans.factory.support.DefaultListableBeanFactory.preInstantiateSingletons(DefaultListableBeanFactory.java:703)
	at org.springframework.context.support.AbstractApplicationContext.finishBeanFactoryInitialization(AbstractApplicationContext.java:760)
	at org.springframework.context.support.AbstractApplicationContext.refresh(AbstractApplicationContext.java:482)
	at org.springframework.web.servlet.FrameworkServlet.configureAndRefreshWebApplicationContext(FrameworkServlet.java:658)
	at org.springframework.web.servlet.FrameworkServlet.createWebApplicationContext(FrameworkServlet.java:624)
	at org.springframework.web.servlet.FrameworkServlet.createWebApplicationContext(FrameworkServlet.java:672)
	at org.springframework.web.servlet.FrameworkServlet.initWebApplicationContext(FrameworkServlet.java:543)
	at org.springframework.web.servlet.FrameworkServlet.initServletBean(FrameworkServlet.java:484)
	at org.springframework.web.servlet.HttpServletBean.init(HttpServletBean.java:136)
	at javax.servlet.GenericServlet.init(GenericServlet.java:158)
	at org.apache.catalina.core.StandardWrapper.initServlet(StandardWrapper.java:1269)
	at org.apache.catalina.core.StandardWrapper.loadServlet(StandardWrapper.java:1182)
	at org.apache.catalina.core.StandardWrapper.load(StandardWrapper.java:1072)
	at org.apache.catalina.core.StandardContext.loadOnStartup(StandardContext.java:5368)
	at org.apache.catalina.core.StandardContext.startInternal(StandardContext.java:5660)
	at org.apache.catalina.util.LifecycleBase.start(LifecycleBase.java:145)
	at org.apache.catalina.core.ContainerBase.addChildInternal(ContainerBase.java:899)
	at org.apache.catalina.core.ContainerBase.addChild(ContainerBase.java:875)
	at org.apache.catalina.core.StandardHost.addChild(StandardHost.java:652)
	at org.apache.catalina.startup.HostConfig.deployWAR(HostConfig.java:1092)
	at org.apache.catalina.startup.HostConfig$DeployWar.run(HostConfig.java:1984)
	at java.util.concurrent.Executors$RunnableAdapter.call(Executors.java:471)
	at java.util.concurrent.FutureTask.run(FutureTask.java:262)
	at java.util.concurrent.ThreadPoolExecutor.runWorker(ThreadPoolExecutor.java:1145)
	at java.util.concurrent.ThreadPoolExecutor$Worker.run(ThreadPoolExecutor.java:615)
	at java.lang.Thread.run(Thread.java:745)
Caused by: com.mysql.jdbc.exceptions.jdbc4.MySQLSyntaxErrorException: Table 'admintwo.quartz_task_informations' doesn't exist
	at sun.reflect.NativeConstructorAccessorImpl.newInstance0(Native Method)
	at sun.reflect.NativeConstructorAccessorImpl.newInstance(NativeConstructorAccessorImpl.java:57)
	at sun.reflect.DelegatingConstructorAccessorImpl.newInstance(DelegatingConstructorAccessorImpl.java:45)
	at java.lang.reflect.Constructor.newInstance(Constructor.java:526)
	at com.mysql.jdbc.Util.handleNewInstance(Util.java:377)
	at com.mysql.jdbc.Util.getInstance(Util.java:360)
	at com.mysql.jdbc.SQLError.createSQLException(SQLError.java:978)
	at com.mysql.jdbc.MysqlIO.checkErrorPacket(MysqlIO.java:3887)
	at com.mysql.jdbc.MysqlIO.checkErrorPacket(MysqlIO.java:3823)
	at com.mysql.jdbc.MysqlIO.sendCommand(MysqlIO.java:2435)
	at com.mysql.jdbc.MysqlIO.sqlQueryDirect(MysqlIO.java:2582)
	at com.mysql.jdbc.ConnectionImpl.execSQL(ConnectionImpl.java:2530)
	at com.mysql.jdbc.PreparedStatement.executeInternal(PreparedStatement.java:1907)
	at com.mysql.jdbc.PreparedStatement.execute(PreparedStatement.java:1199)
	at com.mchange.v2.c3p0.impl.NewProxyPreparedStatement.execute(NewProxyPreparedStatement.java:989)
	at org.apache.ibatis.executor.statement.PreparedStatementHandler.query(PreparedStatementHandler.java:59)
	at org.apache.ibatis.executor.statement.RoutingStatementHandler.query(RoutingStatementHandler.java:73)
	at org.apache.ibatis.executor.ReuseExecutor.doQuery(ReuseExecutor.java:57)
	at org.apache.ibatis.executor.BaseExecutor.queryFromDatabase(BaseExecutor.java:267)
	at org.apache.ibatis.executor.BaseExecutor.query(BaseExecutor.java:137)
	at org.apache.ibatis.executor.BaseExecutor.query(BaseExecutor.java:120)
	at org.apache.ibatis.session.defaults.DefaultSqlSession.selectList(DefaultSqlSession.java:108)
	at org.apache.ibatis.session.defaults.DefaultSqlSession.selectList(DefaultSqlSession.java:102)
	at org.apache.ibatis.session.defaults.DefaultSqlSession.selectList(DefaultSqlSession.java:98)
	at sun.reflect.NativeMethodAccessorImpl.invoke0(Native Method)
	at sun.reflect.NativeMethodAccessorImpl.invoke(NativeMethodAccessorImpl.java:57)
	at sun.reflect.DelegatingMethodAccessorImpl.invoke(DelegatingMethodAccessorImpl.java:43)
	at java.lang.reflect.Method.invoke(Method.java:606)
	at org.mybatis.spring.SqlSessionTemplate$SqlSessionInterceptor.invoke(SqlSessionTemplate.java:358)
	... 46 more
2017-07-19 17:58:36 [com.zhongxin.quartz.core.DynamicJobAssembler]-[INFO] - 定时任务加载完成
2017-07-19 17:58:36 [org.springframework.web.servlet.handler.SimpleUrlHandlerMapping]-[INFO] - Mapped URL path [/**] onto handler 'org.springframework.web.servlet.resource.DefaultServletHttpRequestHandler#0'
2017-07-19 17:58:36 [org.springframework.web.servlet.mvc.method.annotation.RequestMappingHandlerMapping]-[INFO] - Mapped "{[/scheduler/resumeScheduler/{jobKey}],methods=[],params=[],headers=[],consumes=[],produces=[],custom=[]}" onto public java.lang.String com.zhongxin.quartz.controller.SchedulerController.resumeScheduler(java.lang.String)
2017-07-19 17:58:36 [org.springframework.web.servlet.mvc.method.annotation.RequestMappingHandlerMapping]-[INFO] - Mapped "{[/scheduler/addScheduler/{jobKey}],methods=[],params=[],headers=[],consumes=[],produces=[],custom=[]}" onto public java.lang.String com.zhongxin.quartz.controller.SchedulerController.addScheduler(java.lang.String)
2017-07-19 17:58:36 [org.springframework.web.servlet.mvc.method.annotation.RequestMappingHandlerMapping]-[INFO] - Mapped "{[/scheduler/delScheduler/{jobKey}],methods=[],params=[],headers=[],consumes=[],produces=[],custom=[]}" onto public java.lang.String com.zhongxin.quartz.controller.SchedulerController.delScheduler(java.lang.String)
2017-07-19 17:58:36 [org.springframework.web.servlet.mvc.method.annotation.RequestMappingHandlerMapping]-[INFO] - Mapped "{[/scheduler/resumeSchedulerAll],methods=[],params=[],headers=[],consumes=[],produces=[],custom=[]}" onto public java.lang.String com.zhongxin.quartz.controller.SchedulerController.resumeSchedulerAll()
2017-07-19 17:58:36 [org.springframework.web.servlet.mvc.method.annotation.RequestMappingHandlerMapping]-[INFO] - Mapped "{[/scheduler/testUrl],methods=[],params=[],headers=[],consumes=[],produces=[],custom=[]}" onto public java.lang.String com.zhongxin.quartz.controller.SchedulerController.testUrl(javax.servlet.http.HttpServletRequest)
2017-07-19 17:58:36 [org.springframework.web.servlet.mvc.method.annotation.RequestMappingHandlerMapping]-[INFO] - Mapped "{[/scheduler/list/{currentPage}],methods=[],params=[],headers=[],consumes=[],produces=[],custom=[]}" onto public org.springframework.web.servlet.ModelAndView com.zhongxin.quartz.controller.SchedulerController.getTaskInformationsList(int)
2017-07-19 17:58:36 [org.springframework.web.servlet.mvc.method.annotation.RequestMappingHandlerMapping]-[INFO] - Mapped "{[/scheduler/detail/{taskNo}],methods=[],params=[],headers=[],consumes=[],produces=[],custom=[]}" onto public org.springframework.web.servlet.ModelAndView com.zhongxin.quartz.controller.SchedulerController.getTaskDetail(java.lang.String)
2017-07-19 17:58:36 [org.springframework.web.servlet.mvc.method.annotation.RequestMappingHandlerMapping]-[INFO] - Mapped "{[/scheduler/taskEditPage/{id}],methods=[],params=[],headers=[],consumes=[],produces=[],custom=[]}" onto public org.springframework.web.servlet.ModelAndView com.zhongxin.quartz.controller.SchedulerController.taskEditPage(long)
2017-07-19 17:58:36 [org.springframework.web.servlet.mvc.method.annotation.RequestMappingHandlerMapping]-[INFO] - Mapped "{[/scheduler/edit],methods=[],params=[],headers=[],consumes=[],produces=[],custom=[]}" onto public java.lang.String com.zhongxin.quartz.controller.SchedulerController.editTaskInfo(com.zhongxin.quartz.entity.TaskInformationsEntity)
2017-07-19 17:58:36 [org.springframework.web.servlet.mvc.method.annotation.RequestMappingHandlerMapping]-[INFO] - Mapped "{[/scheduler/executeOnce/{taskNo}],methods=[],params=[],headers=[],consumes=[],produces=[],custom=[]}" onto public java.lang.String com.zhongxin.quartz.controller.SchedulerController.executeOnce(java.lang.String)
2017-07-19 17:58:36 [org.springframework.web.servlet.mvc.method.annotation.RequestMappingHandlerMapping]-[INFO] - Mapped "{[/scheduler/checkTaskNo/{taskNo}],methods=[],params=[],headers=[],consumes=[],produces=[],custom=[]}" onto public java.lang.String com.zhongxin.quartz.controller.SchedulerController.checkTaskNo(java.lang.String)
2017-07-19 17:58:36 [org.springframework.web.servlet.mvc.method.annotation.RequestMappingHandlerMapping]-[INFO] - Mapped "{[/taskErrors/getErrors/{recordId}],methods=[],params=[],headers=[],consumes=[],produces=[],custom=[]}" onto public org.springframework.web.servlet.ModelAndView com.zhongxin.quartz.controller.TaskErrorsController.getErrors(java.lang.String)
2017-07-19 17:58:36 [org.springframework.web.servlet.mvc.method.annotation.RequestMappingHandlerMapping]-[INFO] - Mapped "{[/taskRecords/getTaskRecordsListByTaskNo/{taskNo}/{currentPage}/{status}],methods=[],params=[],headers=[],consumes=[],produces=[],custom=[]}" onto public org.springframework.web.servlet.ModelAndView com.zhongxin.quartz.controller.TaskRecordsController.getTaskRecordsListByTaskNo(java.lang.String,int,java.lang.String)
2017-07-19 17:58:37 [org.springframework.context.support.DefaultLifecycleProcessor]-[INFO] - Starting beans in phase 2147483647
2017-07-19 17:58:37 [org.springframework.scheduling.quartz.SchedulerFactoryBean]-[INFO] - Starting Quartz Scheduler now
2017-07-19 17:58:37 [org.quartz.core.QuartzScheduler]-[INFO] - Scheduler schedulerBean_$_NON_CLUSTERED started.
2017-07-19 17:58:37 [org.springframework.web.servlet.DispatcherServlet]-[INFO] - FrameworkServlet 'spring': initialization completed in 854 ms
2017-07-19 17:58:47 [org.springframework.web.context.support.XmlWebApplicationContext]-[INFO] - Closing WebApplicationContext for namespace 'spring-servlet': startup date [Wed Jul 19 17:58:36 CST 2017]; parent: Root WebApplicationContext
2017-07-19 17:58:47 [org.springframework.context.support.DefaultLifecycleProcessor]-[INFO] - Stopping beans in phase 2147483647
2017-07-19 17:58:47 [org.quartz.core.QuartzScheduler]-[INFO] - Scheduler schedulerBean_$_NON_CLUSTERED paused.
2017-07-19 17:58:47 [org.springframework.scheduling.quartz.SchedulerFactoryBean]-[INFO] - Shutting down Quartz Scheduler
2017-07-19 17:58:47 [org.quartz.core.QuartzScheduler]-[INFO] - Scheduler schedulerBean_$_NON_CLUSTERED shutting down.
2017-07-19 17:58:47 [org.quartz.core.QuartzScheduler]-[INFO] - Scheduler schedulerBean_$_NON_CLUSTERED paused.
2017-07-19 17:58:47 [org.quartz.core.QuartzScheduler]-[INFO] - Scheduler schedulerBean_$_NON_CLUSTERED shutdown complete.
2017-07-19 17:58:47 [org.springframework.web.context.support.XmlWebApplicationContext]-[INFO] - Closing Root WebApplicationContext: startup date [Wed Jul 19 17:58:35 CST 2017]; root of context hierarchy
2017-07-19 17:58:47 [org.springframework.context.support.DefaultLifecycleProcessor]-[INFO] - Stopping beans in phase 2147483647
2017-07-19 17:58:48 [org.springframework.beans.factory.support.DisposableBeanAdapter]-[WARN] - Invocation of destroy method 'close' failed on bean with name 'sqlSessionTemplate': java.lang.UnsupportedOperationException: Manual close is not allowed over a Spring managed SqlSession
2017-07-19 18:04:26 [org.springframework.web.context.ContextLoader]-[INFO] - Root WebApplicationContext: initialization started
2017-07-19 18:04:26 [org.springframework.web.context.support.XmlWebApplicationContext]-[INFO] - Refreshing Root WebApplicationContext: startup date [Wed Jul 19 18:04:26 CST 2017]; root of context hierarchy
2017-07-19 18:04:26 [org.springframework.beans.factory.xml.XmlBeanDefinitionReader]-[INFO] - Loading XML bean definitions from file [/Users/zhaopan5250/Downloads/apache-tomcat-7.0.78/webapps/zx-quartz/WEB-INF/classes/spring/spring-quartz-activemq.xml]
2017-07-19 18:04:26 [org.springframework.beans.factory.xml.XmlBeanDefinitionReader]-[INFO] - Loading XML bean definitions from file [/Users/zhaopan5250/Downloads/apache-tomcat-7.0.78/webapps/zx-quartz/WEB-INF/classes/spring/spring-quartz-dao.xml]
2017-07-19 18:04:26 [org.springframework.beans.factory.config.PropertyPlaceholderConfigurer]-[INFO] - Loading properties file from file [/Users/zhaopan5250/Downloads/apache-tomcat-7.0.78/webapps/zx-quartz/WEB-INF/classes/runtimecfg/zx-config.properties]
2017-07-19 18:04:26 [com.mchange.v2.log.MLog]-[INFO] - MLog clients using log4j logging.
2017-07-19 18:04:26 [com.mchange.v2.c3p0.C3P0Registry]-[INFO] - Initializing c3p0-0.9.1.1 [built 15-March-2007 01:32:31; debug? true; trace: 10]
2017-07-19 18:04:26 [com.mchange.v2.c3p0.management.ActiveManagementCoordinator]-[WARN] - A C3P0Registry mbean is already registered. This probably means that an application using c3p0 was undeployed, but not all PooledDataSources were closed prior to undeployment. This may lead to resource leaks over time. Please take care to close all PooledDataSources.
2017-07-19 18:04:26 [org.springframework.context.support.DefaultLifecycleProcessor]-[INFO] - Starting beans in phase 2147483647
2017-07-19 19:06:48 [org.springframework.web.context.ContextLoader]-[INFO] - Root WebApplicationContext: initialization started
2017-07-19 19:06:48 [org.springframework.web.context.support.XmlWebApplicationContext]-[INFO] - Refreshing Root WebApplicationContext: startup date [Wed Jul 19 19:06:48 CST 2017]; root of context hierarchy
2017-07-19 19:06:48 [org.springframework.beans.factory.xml.XmlBeanDefinitionReader]-[INFO] - Loading XML bean definitions from file [/Users/zhaopan5250/Downloads/zx-quartz-master/target/classes/spring/spring-quartz-activemq.xml]
2017-07-19 19:06:48 [org.springframework.beans.factory.xml.XmlBeanDefinitionReader]-[INFO] - Loading XML bean definitions from file [/Users/zhaopan5250/Downloads/zx-quartz-master/target/classes/spring/spring-quartz-dao.xml]
2017-07-19 19:06:48 [org.springframework.beans.factory.config.PropertyPlaceholderConfigurer]-[INFO] - Loading properties file from file [/Users/zhaopan5250/Downloads/zx-quartz-master/target/classes/runtimecfg/zx-config.properties]
2017-07-19 19:06:48 [com.mchange.v2.log.MLog]-[INFO] - MLog clients using log4j logging.
2017-07-19 19:06:48 [com.mchange.v2.c3p0.C3P0Registry]-[INFO] - Initializing c3p0-0.9.1.1 [built 15-March-2007 01:32:31; debug? true; trace: 10]
2017-07-19 19:06:49 [org.springframework.context.support.DefaultLifecycleProcessor]-[INFO] - Starting beans in phase 2147483647
