2017-07-28 10:59:27 [org.springframework.web.context.ContextLoader]-[INFO] - Root WebApplicationContext: initialization started
2017-07-28 10:59:27 [org.springframework.web.context.support.XmlWebApplicationContext]-[INFO] - Refreshing Root WebApplicationContext: startup date [Fri Jul 28 10:59:27 CST 2017]; root of context hierarchy
2017-07-28 10:59:27 [org.springframework.beans.factory.xml.XmlBeanDefinitionReader]-[INFO] - Loading XML bean definitions from file [/Users/zhaopan5250/Downloads/apache-tomcat-7.0.78/webapps/zx-quartz/WEB-INF/classes/spring/spring-quartz-activemq.xml]
2017-07-28 10:59:27 [org.springframework.beans.factory.xml.XmlBeanDefinitionReader]-[INFO] - Loading XML bean definitions from file [/Users/zhaopan5250/Downloads/apache-tomcat-7.0.78/webapps/zx-quartz/WEB-INF/classes/spring/spring-quartz-dao.xml]
2017-07-28 10:59:27 [org.springframework.beans.factory.config.PropertyPlaceholderConfigurer]-[INFO] - Loading properties file from file [/Users/zhaopan5250/Downloads/apache-tomcat-7.0.78/webapps/zx-quartz/WEB-INF/classes/runtimecfg/zx-config.properties]
2017-07-28 10:59:27 [com.mchange.v2.log.MLog]-[INFO] - MLog clients using log4j logging.
2017-07-28 10:59:27 [com.mchange.v2.c3p0.C3P0Registry]-[INFO] - Initializing c3p0-0.9.1.1 [built 15-March-2007 01:32:31; debug? true; trace: 10]
2017-07-28 10:59:28 [org.springframework.context.support.DefaultLifecycleProcessor]-[INFO] - Starting beans in phase 2147483647
2017-07-28 11:07:09 [org.springframework.web.context.ContextLoader]-[INFO] - Root WebApplicationContext: initialization started
2017-07-28 11:07:09 [org.springframework.web.context.support.XmlWebApplicationContext]-[INFO] - Refreshing Root WebApplicationContext: startup date [Fri Jul 28 11:07:09 CST 2017]; root of context hierarchy
2017-07-28 11:07:09 [org.springframework.beans.factory.xml.XmlBeanDefinitionReader]-[INFO] - Loading XML bean definitions from file [/Users/zhaopan5250/Downloads/apache-tomcat-7.0.78/webapps/zx-quartz/WEB-INF/classes/spring/spring-quartz-activemq.xml]
2017-07-28 11:07:09 [org.springframework.beans.factory.xml.XmlBeanDefinitionReader]-[INFO] - Loading XML bean definitions from file [/Users/zhaopan5250/Downloads/apache-tomcat-7.0.78/webapps/zx-quartz/WEB-INF/classes/spring/spring-quartz-dao.xml]
2017-07-28 11:07:09 [org.springframework.beans.factory.config.PropertyPlaceholderConfigurer]-[INFO] - Loading properties file from file [/Users/zhaopan5250/Downloads/apache-tomcat-7.0.78/webapps/zx-quartz/WEB-INF/classes/runtimecfg/zx-config.properties]
2017-07-28 11:07:10 [com.mchange.v2.log.MLog]-[INFO] - MLog clients using log4j logging.
2017-07-28 11:07:10 [com.mchange.v2.c3p0.C3P0Registry]-[INFO] - Initializing c3p0-0.9.1.1 [built 15-March-2007 01:32:31; debug? true; trace: 10]
2017-07-28 11:07:10 [org.springframework.context.support.DefaultLifecycleProcessor]-[INFO] - Starting beans in phase 2147483647
2017-07-28 11:15:07 [org.springframework.web.context.ContextLoader]-[INFO] - Root WebApplicationContext: initialization started
2017-07-28 11:15:07 [org.springframework.web.context.support.XmlWebApplicationContext]-[INFO] - Refreshing Root WebApplicationContext: startup date [Fri Jul 28 11:15:07 CST 2017]; root of context hierarchy
2017-07-28 11:15:07 [org.springframework.beans.factory.xml.XmlBeanDefinitionReader]-[INFO] - Loading XML bean definitions from file [/Users/zhaopan5250/Downloads/dtd_catalog/apache-tomcat-7.0.78/webapps/zx-quartz/WEB-INF/classes/spring/spring-quartz-activemq.xml]
2017-07-28 11:15:07 [org.springframework.beans.factory.xml.XmlBeanDefinitionReader]-[INFO] - Loading XML bean definitions from file [/Users/zhaopan5250/Downloads/dtd_catalog/apache-tomcat-7.0.78/webapps/zx-quartz/WEB-INF/classes/spring/spring-quartz-dao.xml]
2017-07-28 11:15:07 [org.springframework.beans.factory.config.PropertyPlaceholderConfigurer]-[INFO] - Loading properties file from file [/Users/zhaopan5250/Downloads/dtd_catalog/apache-tomcat-7.0.78/webapps/zx-quartz/WEB-INF/classes/runtimecfg/zx-config.properties]
2017-07-28 11:15:07 [com.mchange.v2.log.MLog]-[INFO] - MLog clients using log4j logging.
2017-07-28 11:15:07 [com.mchange.v2.c3p0.C3P0Registry]-[INFO] - Initializing c3p0-0.9.1.1 [built 15-March-2007 01:32:31; debug? true; trace: 10]
2017-07-28 11:15:07 [org.springframework.context.support.DefaultLifecycleProcessor]-[INFO] - Starting beans in phase 2147483647
2017-07-28 11:24:57 [org.springframework.web.context.ContextLoader]-[INFO] - Root WebApplicationContext: initialization started
2017-07-28 11:24:58 [org.springframework.web.context.support.XmlWebApplicationContext]-[INFO] - Refreshing Root WebApplicationContext: startup date [Fri Jul 28 11:24:58 CST 2017]; root of context hierarchy
2017-07-28 11:24:58 [org.springframework.beans.factory.xml.XmlBeanDefinitionReader]-[INFO] - Loading XML bean definitions from file [/Users/zhaopan5250/Downloads/dtd_catalog/apache-tomcat-7.0.78/webapps/zx-quartz/WEB-INF/classes/spring/spring-quartz-activemq.xml]
2017-07-28 11:24:58 [org.springframework.beans.factory.xml.XmlBeanDefinitionReader]-[INFO] - Loading XML bean definitions from file [/Users/zhaopan5250/Downloads/dtd_catalog/apache-tomcat-7.0.78/webapps/zx-quartz/WEB-INF/classes/spring/spring-quartz-dao.xml]
2017-07-28 11:24:58 [org.springframework.beans.factory.config.PropertyPlaceholderConfigurer]-[INFO] - Loading properties file from file [/Users/zhaopan5250/Downloads/dtd_catalog/apache-tomcat-7.0.78/webapps/zx-quartz/WEB-INF/classes/runtimecfg/zx-config.properties]
2017-07-28 11:24:58 [com.mchange.v2.log.MLog]-[INFO] - MLog clients using log4j logging.
2017-07-28 11:24:58 [com.mchange.v2.c3p0.C3P0Registry]-[INFO] - Initializing c3p0-0.9.1.1 [built 15-March-2007 01:32:31; debug? true; trace: 10]
2017-07-28 11:24:58 [org.springframework.context.support.DefaultLifecycleProcessor]-[INFO] - Starting beans in phase 2147483647
2017-07-28 11:29:03 [org.springframework.web.context.ContextLoader]-[INFO] - Root WebApplicationContext: initialization started
2017-07-28 11:29:03 [org.springframework.web.context.support.XmlWebApplicationContext]-[INFO] - Refreshing Root WebApplicationContext: startup date [Fri Jul 28 11:29:03 CST 2017]; root of context hierarchy
2017-07-28 11:29:03 [org.springframework.beans.factory.xml.XmlBeanDefinitionReader]-[INFO] - Loading XML bean definitions from file [/Users/zhaopan5250/Downloads/dtd_catalog/apache-tomcat-7.0.78/webapps/zx-quartz/WEB-INF/classes/spring/spring-quartz-activemq.xml]
2017-07-28 11:29:03 [org.springframework.beans.factory.xml.XmlBeanDefinitionReader]-[INFO] - Loading XML bean definitions from file [/Users/zhaopan5250/Downloads/dtd_catalog/apache-tomcat-7.0.78/webapps/zx-quartz/WEB-INF/classes/spring/spring-quartz-dao.xml]
2017-07-28 11:29:03 [org.springframework.beans.factory.config.PropertyPlaceholderConfigurer]-[INFO] - Loading properties file from file [/Users/zhaopan5250/Downloads/dtd_catalog/apache-tomcat-7.0.78/webapps/zx-quartz/WEB-INF/classes/runtimecfg/zx-config.properties]
2017-07-28 11:29:03 [com.mchange.v2.log.MLog]-[INFO] - MLog clients using log4j logging.
2017-07-28 11:29:03 [com.mchange.v2.c3p0.C3P0Registry]-[INFO] - Initializing c3p0-0.9.1.1 [built 15-March-2007 01:32:31; debug? true; trace: 10]
2017-07-28 11:29:03 [com.mchange.v2.c3p0.management.ActiveManagementCoordinator]-[WARN] - A C3P0Registry mbean is already registered. This probably means that an application using c3p0 was undeployed, but not all PooledDataSources were closed prior to undeployment. This may lead to resource leaks over time. Please take care to close all PooledDataSources.
2017-07-28 11:29:03 [org.springframework.context.support.DefaultLifecycleProcessor]-[INFO] - Starting beans in phase 2147483647
2017-07-28 11:32:02 [org.springframework.web.context.ContextLoader]-[INFO] - Root WebApplicationContext: initialization started
2017-07-28 11:32:02 [org.springframework.web.context.support.XmlWebApplicationContext]-[INFO] - Refreshing Root WebApplicationContext: startup date [Fri Jul 28 11:32:02 CST 2017]; root of context hierarchy
2017-07-28 11:32:02 [org.springframework.beans.factory.xml.XmlBeanDefinitionReader]-[INFO] - Loading XML bean definitions from file [/Users/zhaopan5250/Downloads/dtd_catalog/apache-tomcat-7.0.78/webapps/zx-quartz/WEB-INF/classes/spring/spring-quartz-activemq.xml]
2017-07-28 11:32:02 [org.springframework.beans.factory.xml.XmlBeanDefinitionReader]-[INFO] - Loading XML bean definitions from file [/Users/zhaopan5250/Downloads/dtd_catalog/apache-tomcat-7.0.78/webapps/zx-quartz/WEB-INF/classes/spring/spring-quartz-dao.xml]
2017-07-28 11:32:02 [org.springframework.beans.factory.config.PropertyPlaceholderConfigurer]-[INFO] - Loading properties file from file [/Users/zhaopan5250/Downloads/dtd_catalog/apache-tomcat-7.0.78/webapps/zx-quartz/WEB-INF/classes/runtimecfg/zx-config.properties]
2017-07-28 11:32:02 [com.mchange.v2.log.MLog]-[INFO] - MLog clients using log4j logging.
2017-07-28 11:32:02 [com.mchange.v2.c3p0.C3P0Registry]-[INFO] - Initializing c3p0-0.9.1.1 [built 15-March-2007 01:32:31; debug? true; trace: 10]
2017-07-28 11:32:02 [com.mchange.v2.c3p0.management.ActiveManagementCoordinator]-[WARN] - A C3P0Registry mbean is already registered. This probably means that an application using c3p0 was undeployed, but not all PooledDataSources were closed prior to undeployment. This may lead to resource leaks over time. Please take care to close all PooledDataSources.
2017-07-28 11:32:03 [org.springframework.context.support.DefaultLifecycleProcessor]-[INFO] - Starting beans in phase 2147483647
2017-07-28 15:01:01 [org.springframework.web.context.ContextLoader]-[INFO] - Root WebApplicationContext: initialization started
2017-07-28 15:01:01 [org.springframework.web.context.support.XmlWebApplicationContext]-[INFO] - Refreshing Root WebApplicationContext: startup date [Fri Jul 28 15:01:01 CST 2017]; root of context hierarchy
2017-07-28 15:01:01 [org.springframework.beans.factory.xml.XmlBeanDefinitionReader]-[INFO] - Loading XML bean definitions from file [/Users/zhaopan5250/Downloads/dtd_catalog/apache-tomcat-7.0.78/webapps/zx-quartz/WEB-INF/classes/spring/spring-quartz-activemq.xml]
2017-07-28 15:01:01 [org.springframework.beans.factory.xml.XmlBeanDefinitionReader]-[INFO] - Loading XML bean definitions from file [/Users/zhaopan5250/Downloads/dtd_catalog/apache-tomcat-7.0.78/webapps/zx-quartz/WEB-INF/classes/spring/spring-quartz-dao.xml]
2017-07-28 15:01:02 [org.springframework.beans.factory.config.PropertyPlaceholderConfigurer]-[INFO] - Loading properties file from file [/Users/zhaopan5250/Downloads/dtd_catalog/apache-tomcat-7.0.78/webapps/zx-quartz/WEB-INF/classes/runtimecfg/zx-config.properties]
2017-07-28 15:01:02 [com.mchange.v2.log.MLog]-[INFO] - MLog clients using log4j logging.
2017-07-28 15:01:02 [com.mchange.v2.c3p0.C3P0Registry]-[INFO] - Initializing c3p0-0.9.1.1 [built 15-March-2007 01:32:31; debug? true; trace: 10]
2017-07-28 15:01:02 [com.mchange.v2.c3p0.management.ActiveManagementCoordinator]-[WARN] - A C3P0Registry mbean is already registered. This probably means that an application using c3p0 was undeployed, but not all PooledDataSources were closed prior to undeployment. This may lead to resource leaks over time. Please take care to close all PooledDataSources.
2017-07-28 15:01:02 [org.springframework.context.support.DefaultLifecycleProcessor]-[INFO] - Starting beans in phase 2147483647
2017-07-28 15:01:02 [org.apache.activemq.transport.failover.FailoverTransport]-[INFO] - Successfully connected to tcp://192.168.6.99:61616?wireFormat.maxInactivityDuration=1000
2017-07-28 15:01:02 [org.springframework.web.context.ContextLoader]-[INFO] - Root WebApplicationContext: initialization completed in 843 ms
2017-07-28 15:01:02 [org.springframework.web.servlet.DispatcherServlet]-[INFO] - FrameworkServlet 'spring': initialization started
2017-07-28 15:01:02 [org.springframework.web.context.support.XmlWebApplicationContext]-[INFO] - Refreshing WebApplicationContext for namespace 'spring-servlet': startup date [Fri Jul 28 15:01:02 CST 2017]; parent: Root WebApplicationContext
2017-07-28 15:01:02 [org.springframework.beans.factory.xml.XmlBeanDefinitionReader]-[INFO] - Loading XML bean definitions from URL [file:/Users/zhaopan5250/Downloads/dtd_catalog/apache-tomcat-7.0.78/webapps/zx-quartz/WEB-INF/classes/spring/spring-mvc.xml]
2017-07-28 15:01:03 [org.quartz.impl.StdSchedulerFactory]-[INFO] - Using default implementation for ThreadExecutor
2017-07-28 15:01:03 [org.quartz.core.SchedulerSignalerImpl]-[INFO] - Initialized Scheduler Signaller of type: class org.quartz.core.SchedulerSignalerImpl
2017-07-28 15:01:03 [org.quartz.core.QuartzScheduler]-[INFO] - Quartz Scheduler v.2.2.1 created.
2017-07-28 15:01:03 [org.quartz.simpl.RAMJobStore]-[INFO] - RAMJobStore initialized.
2017-07-28 15:01:03 [org.quartz.core.QuartzScheduler]-[INFO] - Scheduler meta-data: Quartz Scheduler (v2.2.1) 'schedulerBean' with instanceId 'NON_CLUSTERED'
  Scheduler class: 'org.quartz.core.QuartzScheduler' - running locally.
  NOT STARTED.
  Currently in standby mode.
  Number of jobs executed: 0
  Using thread pool 'org.quartz.simpl.SimpleThreadPool' - with 10 threads.
  Using job-store 'org.quartz.simpl.RAMJobStore' - which does not support persistence. and is not clustered.

2017-07-28 15:01:03 [org.quartz.impl.StdSchedulerFactory]-[INFO] - Quartz scheduler 'schedulerBean' initialized from an externally provided properties instance.
2017-07-28 15:01:03 [org.quartz.impl.StdSchedulerFactory]-[INFO] - Quartz scheduler version: 2.2.1
2017-07-28 15:01:03 [org.quartz.core.QuartzScheduler]-[INFO] - JobFactory set to: org.springframework.scheduling.quartz.AdaptableJobFactory@31d5ffb5
2017-07-28 15:01:03 [com.zhongxin.quartz.core.DynamicJobAssembler]-[INFO] - 加载定时任务开始
2017-07-28 15:01:03 [com.mchange.v2.c3p0.impl.AbstractPoolBackedDataSource]-[INFO] - Initializing c3p0 pool... com.mchange.v2.c3p0.ComboPooledDataSource [ acquireIncrement -> 10, acquireRetryAttempts -> 2, acquireRetryDelay -> 1000, autoCommitOnClose -> false, automaticTestTable -> null, breakAfterAcquireFailure -> false, checkoutTimeout -> 0, connectionCustomizerClassName -> null, connectionTesterClassName -> com.mchange.v2.c3p0.impl.DefaultConnectionTester, dataSourceName -> z8kflt9p11qg8ch1lrzul0|356c1147, debugUnreturnedConnectionStackTraces -> false, description -> null, driverClass -> com.mysql.jdbc.Driver, factoryClassLocation -> null, forceIgnoreUnresolvedTransactions -> false, identityToken -> z8kflt9p11qg8ch1lrzul0|356c1147, idleConnectionTestPeriod -> 60, initialPoolSize -> 10, jdbcUrl -> jdbc:mysql://127.0.0.1:3306/admintwo?useUnicode=true&characterEncoding=utf-8, lastAcquisitionFailureDefaultUser -> null, maxAdministrativeTaskTime -> 0, maxConnectionAge -> 0, maxIdleTime -> 1800, maxIdleTimeExcessConnections -> 0, maxPoolSize -> 335, maxStatements -> 0, maxStatementsPerConnection -> 0, minPoolSize -> 5, numHelperThreads -> 3, numThreadsAwaitingCheckoutDefaultUser -> 0, preferredTestQuery -> SELECT 1, properties -> {user=******, password=******}, propertyCycle -> 0, testConnectionOnCheckin -> false, testConnectionOnCheckout -> false, unreturnedConnectionTimeout -> 0, usesTraditionalReflectiveProxies -> false ]
2017-07-28 15:01:03 [com.zhongxin.quartz.service.impl.QuartzServiceImpl]-[INFO] - task compareAccounts schedulerRule :0 0 2 * * ? reload succeed
2017-07-28 15:01:03 [com.zhongxin.quartz.core.DynamicJobAssembler]-[INFO] - 定时任务加载完成
2017-07-28 15:01:03 [org.springframework.web.servlet.handler.SimpleUrlHandlerMapping]-[INFO] - Mapped URL path [/**] onto handler 'org.springframework.web.servlet.resource.DefaultServletHttpRequestHandler#0'
2017-07-28 15:01:03 [org.springframework.web.servlet.mvc.method.annotation.RequestMappingHandlerMapping]-[INFO] - Mapped "{[/scheduler/resumeScheduler/{jobKey}],methods=[],params=[],headers=[],consumes=[],produces=[],custom=[]}" onto public java.lang.String com.zhongxin.quartz.controller.SchedulerController.resumeScheduler(java.lang.String)
2017-07-28 15:01:03 [org.springframework.web.servlet.mvc.method.annotation.RequestMappingHandlerMapping]-[INFO] - Mapped "{[/scheduler/addScheduler/{jobKey}],methods=[],params=[],headers=[],consumes=[],produces=[],custom=[]}" onto public java.lang.String com.zhongxin.quartz.controller.SchedulerController.addScheduler(java.lang.String)
2017-07-28 15:01:03 [org.springframework.web.servlet.mvc.method.annotation.RequestMappingHandlerMapping]-[INFO] - Mapped "{[/scheduler/delScheduler/{jobKey}],methods=[],params=[],headers=[],consumes=[],produces=[],custom=[]}" onto public java.lang.String com.zhongxin.quartz.controller.SchedulerController.delScheduler(java.lang.String)
2017-07-28 15:01:03 [org.springframework.web.servlet.mvc.method.annotation.RequestMappingHandlerMapping]-[INFO] - Mapped "{[/scheduler/resumeSchedulerAll],methods=[],params=[],headers=[],consumes=[],produces=[],custom=[]}" onto public java.lang.String com.zhongxin.quartz.controller.SchedulerController.resumeSchedulerAll()
2017-07-28 15:01:03 [org.springframework.web.servlet.mvc.method.annotation.RequestMappingHandlerMapping]-[INFO] - Mapped "{[/scheduler/testUrl],methods=[],params=[],headers=[],consumes=[],produces=[],custom=[]}" onto public java.lang.String com.zhongxin.quartz.controller.SchedulerController.testUrl(javax.servlet.http.HttpServletRequest)
2017-07-28 15:01:03 [org.springframework.web.servlet.mvc.method.annotation.RequestMappingHandlerMapping]-[INFO] - Mapped "{[/scheduler/list/{currentPage}],methods=[],params=[],headers=[],consumes=[],produces=[],custom=[]}" onto public org.springframework.web.servlet.ModelAndView com.zhongxin.quartz.controller.SchedulerController.getTaskInformationsList(int)
2017-07-28 15:01:03 [org.springframework.web.servlet.mvc.method.annotation.RequestMappingHandlerMapping]-[INFO] - Mapped "{[/scheduler/detail/{taskNo}],methods=[],params=[],headers=[],consumes=[],produces=[],custom=[]}" onto public org.springframework.web.servlet.ModelAndView com.zhongxin.quartz.controller.SchedulerController.getTaskDetail(java.lang.String)
2017-07-28 15:01:03 [org.springframework.web.servlet.mvc.method.annotation.RequestMappingHandlerMapping]-[INFO] - Mapped "{[/scheduler/taskEditPage/{id}],methods=[],params=[],headers=[],consumes=[],produces=[],custom=[]}" onto public org.springframework.web.servlet.ModelAndView com.zhongxin.quartz.controller.SchedulerController.taskEditPage(long)
2017-07-28 15:01:03 [org.springframework.web.servlet.mvc.method.annotation.RequestMappingHandlerMapping]-[INFO] - Mapped "{[/scheduler/edit],methods=[],params=[],headers=[],consumes=[],produces=[],custom=[]}" onto public java.lang.String com.zhongxin.quartz.controller.SchedulerController.editTaskInfo(com.zhongxin.quartz.entity.TaskInformationsEntity)
2017-07-28 15:01:03 [org.springframework.web.servlet.mvc.method.annotation.RequestMappingHandlerMapping]-[INFO] - Mapped "{[/scheduler/executeOnce/{taskNo}],methods=[],params=[],headers=[],consumes=[],produces=[],custom=[]}" onto public java.lang.String com.zhongxin.quartz.controller.SchedulerController.executeOnce(java.lang.String)
2017-07-28 15:01:03 [org.springframework.web.servlet.mvc.method.annotation.RequestMappingHandlerMapping]-[INFO] - Mapped "{[/scheduler/checkTaskNo/{taskNo}],methods=[],params=[],headers=[],consumes=[],produces=[],custom=[]}" onto public java.lang.String com.zhongxin.quartz.controller.SchedulerController.checkTaskNo(java.lang.String)
2017-07-28 15:01:03 [org.springframework.web.servlet.mvc.method.annotation.RequestMappingHandlerMapping]-[INFO] - Mapped "{[/taskErrors/getErrors/{recordId}],methods=[],params=[],headers=[],consumes=[],produces=[],custom=[]}" onto public org.springframework.web.servlet.ModelAndView com.zhongxin.quartz.controller.TaskErrorsController.getErrors(java.lang.String)
2017-07-28 15:01:03 [org.springframework.web.servlet.mvc.method.annotation.RequestMappingHandlerMapping]-[INFO] - Mapped "{[/taskRecords/getTaskRecordsListByTaskNo/{taskNo}/{currentPage}/{status}],methods=[],params=[],headers=[],consumes=[],produces=[],custom=[]}" onto public org.springframework.web.servlet.ModelAndView com.zhongxin.quartz.controller.TaskRecordsController.getTaskRecordsListByTaskNo(java.lang.String,int,java.lang.String)
2017-07-28 15:01:03 [org.springframework.context.support.DefaultLifecycleProcessor]-[INFO] - Starting beans in phase 2147483647
2017-07-28 15:01:03 [org.springframework.scheduling.quartz.SchedulerFactoryBean]-[INFO] - Starting Quartz Scheduler now
2017-07-28 15:01:03 [org.quartz.core.QuartzScheduler]-[INFO] - Scheduler schedulerBean_$_NON_CLUSTERED started.
2017-07-28 15:01:03 [org.springframework.web.servlet.DispatcherServlet]-[INFO] - FrameworkServlet 'spring': initialization completed in 1111 ms
2017-07-28 18:05:35 [org.springframework.web.context.support.XmlWebApplicationContext]-[INFO] - Closing WebApplicationContext for namespace 'spring-servlet': startup date [Fri Jul 28 15:01:02 CST 2017]; parent: Root WebApplicationContext
2017-07-28 18:05:35 [org.springframework.context.support.DefaultLifecycleProcessor]-[INFO] - Stopping beans in phase 2147483647
2017-07-28 18:05:35 [org.quartz.core.QuartzScheduler]-[INFO] - Scheduler schedulerBean_$_NON_CLUSTERED paused.
2017-07-28 18:05:35 [org.springframework.scheduling.quartz.SchedulerFactoryBean]-[INFO] - Shutting down Quartz Scheduler
2017-07-28 18:05:35 [org.quartz.core.QuartzScheduler]-[INFO] - Scheduler schedulerBean_$_NON_CLUSTERED shutting down.
2017-07-28 18:05:35 [org.quartz.core.QuartzScheduler]-[INFO] - Scheduler schedulerBean_$_NON_CLUSTERED paused.
2017-07-28 18:05:35 [org.quartz.core.QuartzScheduler]-[INFO] - Scheduler schedulerBean_$_NON_CLUSTERED shutdown complete.
2017-07-28 18:05:35 [org.springframework.web.context.support.XmlWebApplicationContext]-[INFO] - Closing Root WebApplicationContext: startup date [Fri Jul 28 15:01:01 CST 2017]; root of context hierarchy
2017-07-28 18:05:35 [org.springframework.context.support.DefaultLifecycleProcessor]-[INFO] - Stopping beans in phase 2147483647
2017-07-28 18:05:36 [org.springframework.beans.factory.support.DisposableBeanAdapter]-[WARN] - Invocation of destroy method 'close' failed on bean with name 'sqlSessionTemplate': java.lang.UnsupportedOperationException: Manual close is not allowed over a Spring managed SqlSession
